<?xml version="1.0" encoding="UTF-8"?>
<robot generator="Robot 7.1.1 (Python 3.12.3 on linux)" generated="2024-10-22T17:16:20.582808" rpa="false" schemaversion="5">
<suite id="s1" name="Newtest" source="/home/citco/QA/tutorial/Tests/newtest.robot">
<kw name="Launch Browser" type="SETUP">
<kw name="Open Browser" owner="SeleniumLibrary">
<msg time="2024-10-22T17:16:21.149100" level="INFO">Opening browser 'chrome' to base url 'https://marmelab.com/react-admin-demo/#/login' through remote server at 'http://10.127.132.43:4444'.</msg>
<arg>${url}</arg>
<arg>chrome</arg>
<arg>remote_url=${remote_url}</arg>
<arg>options=add_argument("--start-maximized")</arg>
<doc>Opens a new browser instance to the optional ``url``.</doc>
<status status="PASS" start="2024-10-22T17:16:21.148345" elapsed="7.230772"/>
</kw>
<status status="PASS" start="2024-10-22T17:16:21.124824" elapsed="7.257167"/>
</kw>
<test id="s1-t1" name="My First Test Case" line="17">
<kw name="Login User">
<kw name="Wait Until Element Is Visible" owner="SeleniumLibrary">
<arg>//button</arg>
<doc>Waits until the element ``locator`` is visible.</doc>
<status status="PASS" start="2024-10-22T17:16:28.397054" elapsed="0.672012"/>
</kw>
<kw name="Input Text" owner="SeleniumLibrary">
<msg time="2024-10-22T17:16:29.070361" level="INFO">Typing text 'demo' into text field 'name:username'.</msg>
<arg>name:username</arg>
<arg>${user}</arg>
<doc>Types the given ``text`` into the text field identified by ``locator``.</doc>
<status status="PASS" start="2024-10-22T17:16:29.069602" elapsed="0.428552"/>
</kw>
<kw name="Input Text" owner="SeleniumLibrary">
<msg time="2024-10-22T17:16:29.498833" level="INFO">Typing text 'demo' into text field 'name:password'.</msg>
<arg>name:password</arg>
<arg>${pass}</arg>
<doc>Types the given ``text`` into the text field identified by ``locator``.</doc>
<status status="PASS" start="2024-10-22T17:16:29.498437" elapsed="0.506368"/>
</kw>
<kw name="Click Button" owner="SeleniumLibrary">
<msg time="2024-10-22T17:16:30.005422" level="INFO">Clicking button '//*[@id="root"]/form/div/div/div[4]/button'.</msg>
<arg>//*[@id="root"]/form/div/div/div[4]/button</arg>
<doc>Clicks the button identified by ``locator``.</doc>
<status status="PASS" start="2024-10-22T17:16:30.005102" elapsed="0.866935"/>
</kw>
<arg>demo</arg>
<arg>demo</arg>
<status status="PASS" start="2024-10-22T17:16:28.396305" elapsed="2.482686"/>
</kw>
<kw name="Go To Link">
<kw name="Click Element" owner="SeleniumLibrary">
<msg time="2024-10-22T17:16:30.882547" level="INFO">Clicking element '//a[text()="Customers"]'.</msg>
<arg>//a[text()="${text}"]</arg>
<doc>Click the element identified by ``locator``.</doc>
<status status="PASS" start="2024-10-22T17:16:30.882144" elapsed="2.897396"/>
</kw>
<kw name="Wait Until Element Is Visible" owner="SeleniumLibrary">
<arg>//tbody/tr[last()]</arg>
<doc>Waits until the element ``locator`` is visible.</doc>
<status status="PASS" start="2024-10-22T17:16:33.779837" elapsed="0.924448"/>
</kw>
<arg>Customers</arg>
<status status="PASS" start="2024-10-22T17:16:30.879445" elapsed="3.825055"/>
</kw>
<kw name="Fetch Data">
<kw name="Get Api Users" owner="Users">
<msg time="2024-10-22T17:16:46.905343" level="INFO">['swearer']
['tripody']
['sepulcher']
['whiteners']
['untrodden']
['weathercast']
['flowmeters']
['objecting']
['lobstering']
['harangues']</msg>
<msg time="2024-10-22T17:16:46.905565" level="INFO">/home/citco/QA/QAvenv/lib/python3.12/site-packages/urllib3/connectionpool.py:1099: InsecureRequestWarning: Unverified HTTPS request is being made to host 'jsonplaceholder.typicode.com'. Adding certificate verification is strongly advised. See: https://urllib3.readthedocs.io/en/latest/advanced-usage.html#tls-warnings
  warnings.warn(
/home/citco/QA/QAvenv/lib/python3.12/site-packages/urllib3/connectionpool.py:1099: InsecureRequestWarning: Unverified HTTPS request is being made to host 'random-word-api.herokuapp.com'. Adding certificate verification is strongly advised. See: https://urllib3.readthedocs.io/en/latest/advanced-usage.html#tls-warnings
  warnings.warn(
/home/citco/QA/QAvenv/lib/python3.12/site-packages/urllib3/connectionpool.py:1099: InsecureRequestWarning: Unverified HTTPS request is being made to host 'random-word-api.herokuapp.com'. Adding certificate verification is strongly advised. See: https://urllib3.readthedocs.io/en/latest/advanced-usage.html#tls-warnings
  warnings.warn(
/home/citco/QA/QAvenv/lib/python3.12/site-packages/urllib3/connectionpool.py:1099: InsecureRequestWarning: Unverified HTTPS request is being made to host 'random-word-api.herokuapp.com'. Adding certificate verification is strongly advised. See: https://urllib3.readthedocs.io/en/latest/advanced-usage.html#tls-warnings
  warnings.warn(
/home/citco/QA/QAvenv/lib/python3.12/site-packages/urllib3/connectionpool.py:1099: InsecureRequestWarning: Unverified HTTPS request is being made to host 'random-word-api.herokuapp.com'. Adding certificate verification is strongly advised. See: https://urllib3.readthedocs.io/en/latest/advanced-usage.html#tls-warnings
  warnings.warn(
/home/citco/QA/QAvenv/lib/python3.12/site-packages/urllib3/connectionpool.py:1099: InsecureRequestWarning: Unverified HTTPS request is being made to host 'random-word-api.herokuapp.com'. Adding certificate verification is strongly advised. See: https://urllib3.readthedocs.io/en/latest/advanced-usage.html#tls-warnings
  warnings.warn(
/home/citco/QA/QAvenv/lib/python3.12/site-packages/urllib3/connectionpool.py:1099: InsecureRequestWarning: Unverified HTTPS request is being made to host 'random-word-api.herokuapp.com'. Adding certificate verification is strongly advised. See: https://urllib3.readthedocs.io/en/latest/advanced-usage.html#tls-warnings
  warnings.warn(
/home/citco/QA/QAvenv/lib/python3.12/site-packages/urllib3/connectionpool.py:1099: InsecureRequestWarning: Unverified HTTPS request is being made to host 'random-word-api.herokuapp.com'. Adding certificate verification is strongly advised. See: https://urllib3.readthedocs.io/en/latest/advanced-usage.html#tls-warnings
  warnings.warn(
/home/citco/QA/QAvenv/lib/python3.12/site-packages/urllib3/connectionpool.py:1099: InsecureRequestWarning: Unverified HTTPS request is being made to host 'random-word-api.herokuapp.com'. Adding certificate verification is strongly advised. See: https://urllib3.readthedocs.io/en/latest/advanced-usage.html#tls-warnings
  warnings.warn(
/home/citco/QA/QAvenv/lib/python3.12/site-packages/urllib3/connectionpool.py:1099: InsecureRequestWarning: Unverified HTTPS request is being made to host 'random-word-api.herokuapp.com'. Adding certificate verification is strongly advised. See: https://urllib3.readthedocs.io/en/latest/advanced-usage.html#tls-warnings
  warnings.warn(
/home/citco/QA/QAvenv/lib/python3.12/site-packages/urllib3/connectionpool.py:1099: InsecureRequestWarning: Unverified HTTPS request is being made to host 'random-word-api.herokuapp.com'. Adding certificate verification is strongly advised. See: https://urllib3.readthedocs.io/en/latest/advanced-usage.html#tls-warnings
  warnings.warn(</msg>
<msg time="2024-10-22T17:16:46.906159" level="INFO">${users} = [{'id': 1, 'name': 'Leanne Graham', 'username': 'Bret', 'email': 'Sincere@april.biz', 'address': {'street': 'Kulas Light', 'suite': 'Apt. 556', 'city': 'Gwenborough', 'zipcode': '92998-3874', 'geo': {...</msg>
<var>${users}</var>
<status status="PASS" start="2024-10-22T17:16:34.705455" elapsed="12.200796"/>
</kw>
<kw name="Get Length" owner="BuiltIn">
<msg time="2024-10-22T17:16:46.906988" level="INFO">Length is 10.</msg>
<msg time="2024-10-22T17:16:46.907183" level="INFO">${user_length} = 10</msg>
<var>${user_length}</var>
<arg>${users}</arg>
<doc>Returns and logs the length of the given item as an integer.</doc>
<status status="PASS" start="2024-10-22T17:16:46.906594" elapsed="0.000657"/>
</kw>
<kw name="Set Suite Variable" owner="BuiltIn">
<msg time="2024-10-22T17:16:46.909520" level="INFO">${USERS} = [{'id': 1, 'name': 'Leanne Graham', 'username': 'Bret', 'email': 'Sincere@april.biz', 'address': {'street': 'Kulas Light', 'suite': 'Apt. 556', 'city': 'Gwenborough', 'zipcode': '92998-3874', 'geo': {...</msg>
<arg>${USERS}</arg>
<arg>${users}</arg>
<doc>Makes a variable available everywhere within the scope of the current suite.</doc>
<status status="PASS" start="2024-10-22T17:16:46.907556" elapsed="0.002507"/>
</kw>
<kw name="Set Suite Variable" owner="BuiltIn">
<msg time="2024-10-22T17:16:46.911057" level="INFO">${USER_LENGTH} = 10</msg>
<arg>${USER_LENGTH}</arg>
<arg>${user_length}</arg>
<doc>Makes a variable available everywhere within the scope of the current suite.</doc>
<status status="PASS" start="2024-10-22T17:16:46.910449" elapsed="0.000746"/>
</kw>
<status status="PASS" start="2024-10-22T17:16:34.704965" elapsed="12.206465"/>
</kw>
<kw name="Add Users">
<for flavor="IN">
<iter>
<kw name="Open Add Identity Modal">
<kw name="Click Element" owner="SeleniumLibrary">
<msg time="2024-10-22T17:16:46.918741" level="INFO">Clicking element '//a[@aria-label="Create"]'.</msg>
<arg>//a[@aria-label="Create"]</arg>
<doc>Click the element identified by ``locator``.</doc>
<status status="PASS" start="2024-10-22T17:16:46.917901" elapsed="0.509948"/>
</kw>
<kw name="Sleep" owner="BuiltIn">
<msg time="2024-10-22T17:16:50.428726" level="INFO">Slept 3 seconds.</msg>
<arg>3s</arg>
<doc>Pauses the test executed for the given time.</doc>
<status status="PASS" start="2024-10-22T17:16:47.428159" elapsed="3.000728"/>
</kw>
<status status="PASS" start="2024-10-22T17:16:46.914099" elapsed="3.514952"/>
</kw>
<kw name="Add User">
<kw name="Wait Until Element Is Visible" owner="SeleniumLibrary">
<arg>${identity_txt_firstName}</arg>
<doc>Waits until the element ``locator`` is visible.</doc>
<status status="PASS" start="2024-10-22T17:16:50.429952" elapsed="0.066322"/>
</kw>
<kw name="Evaluate" owner="BuiltIn">
<msg time="2024-10-22T17:16:50.497765" level="INFO">${firstName} = Leanne</msg>
<var>${firstName}</var>
<arg>" ".join("${user['name']}".split()[:-1]).strip()</arg>
<doc>Evaluates the given expression in Python and returns the result.</doc>
<status status="PASS" start="2024-10-22T17:16:50.496573" elapsed="0.001254"/>
</kw>
<kw name="Evaluate" owner="BuiltIn">
<msg time="2024-10-22T17:16:50.500051" level="INFO">${lastName} = Graham</msg>
<var>${lastName}</var>
<arg>" ".join("${user['name']}".split()[-1:]).strip()</arg>
<doc>Evaluates the given expression in Python and returns the result.</doc>
<status status="PASS" start="2024-10-22T17:16:50.498068" elapsed="0.002045"/>
</kw>
<kw name="Input Text" owner="SeleniumLibrary">
<msg time="2024-10-22T17:16:50.500735" level="INFO">Typing text 'Leanne' into text field '//input[@name="first_name"]'.</msg>
<arg>${identity_txt_firstName}</arg>
<arg>${firstName}</arg>
<doc>Types the given ``text`` into the text field identified by ``locator``.</doc>
<status status="PASS" start="2024-10-22T17:16:50.500353" elapsed="0.375985"/>
</kw>
<kw name="Input Text" owner="SeleniumLibrary">
<msg time="2024-10-22T17:16:50.880477" level="INFO">Typing text 'Graham' into text field '//input[@name="last_name"]'.</msg>
<arg>${identity_txt_lastName}</arg>
<arg>${lastName}</arg>
<doc>Types the given ``text`` into the text field identified by ``locator``.</doc>
<status status="PASS" start="2024-10-22T17:16:50.879456" elapsed="0.500510"/>
</kw>
<kw name="Input Text" owner="SeleniumLibrary">
<msg time="2024-10-22T17:16:51.381324" level="INFO">Typing text 'Sincere@april.biz' into text field '//input[@name="email"]'.</msg>
<arg>${identity_txt_email}</arg>
<arg>${user['email']}</arg>
<doc>Types the given ``text`` into the text field identified by ``locator``.</doc>
<status status="PASS" start="2024-10-22T17:16:51.380273" elapsed="0.404885"/>
</kw>
<kw name="Press Key" owner="SeleniumLibrary">
<arg>${identity_date_birthday}</arg>
<arg>${user['birthday']}</arg>
<doc>Simulates user pressing key on element identified by ``locator``.</doc>
<status status="PASS" start="2024-10-22T17:16:51.785479" elapsed="0.224273"/>
</kw>
<kw name="Input Text" owner="SeleniumLibrary">
<msg time="2024-10-22T17:16:52.011374" level="INFO">Typing text 'Kulas Light' into text field '//textarea[@name="address"]'.</msg>
<arg>${identity_txt_address}</arg>
<arg>${user['address']['street']}</arg>
<doc>Types the given ``text`` into the text field identified by ``locator``.</doc>
<status status="PASS" start="2024-10-22T17:16:52.010205" elapsed="0.377455"/>
</kw>
<kw name="Input Text" owner="SeleniumLibrary">
<msg time="2024-10-22T17:16:52.394691" level="INFO">Typing text 'Gwenborough' into text field '//input[@name="city"]'.</msg>
<arg>${identity_txt_city}</arg>
<arg>${user['address']['city']}</arg>
<doc>Types the given ``text`` into the text field identified by ``locator``.</doc>
<status status="PASS" start="2024-10-22T17:16:52.387995" elapsed="0.397330"/>
</kw>
<kw name="Input Text" owner="SeleniumLibrary">
<msg time="2024-10-22T17:16:52.793207" level="INFO">Typing text 'Kulas Light' into text field '//input[@name="stateAbbr"]'.</msg>
<arg>${identity_txt_stateAbbr}</arg>
<arg>${user['address']['street']}</arg>
<doc>Types the given ``text`` into the text field identified by ``locator``.</doc>
<status status="PASS" start="2024-10-22T17:16:52.785665" elapsed="0.445779"/>
</kw>
<kw name="Input Text" owner="SeleniumLibrary">
<msg time="2024-10-22T17:16:53.233359" level="INFO">Typing text '92998-3874' into text field '//input[@name="zipcode"]'.</msg>
<arg>${identity_txt_zipcode}</arg>
<arg>${user['address']['zipcode']}</arg>
<doc>Types the given ``text`` into the text field identified by ``locator``.</doc>
<status status="PASS" start="2024-10-22T17:16:53.231819" elapsed="0.306353"/>
</kw>
<kw name="Input Text" owner="SeleniumLibrary">
<msg time="2024-10-22T17:16:53.540689" level="INFO">Typing text '1-770-736-8031 x56442' into text field '//input[@name="password"]'.</msg>
<arg>${identity_txt_password}</arg>
<arg>${user['phone']}</arg>
<doc>Types the given ``text`` into the text field identified by ``locator``.</doc>
<status status="PASS" start="2024-10-22T17:16:53.538701" elapsed="0.471762"/>
</kw>
<kw name="Input Text" owner="SeleniumLibrary">
<msg time="2024-10-22T17:16:54.011892" level="INFO">Typing text '1-770-736-8031 x56442' into text field '//input[@name="confirm_password"]'.</msg>
<arg>${identity_txt_confirm_password}</arg>
<arg>${user['phone']}</arg>
<doc>Types the given ``text`` into the text field identified by ``locator``.</doc>
<status status="PASS" start="2024-10-22T17:16:54.010786" elapsed="0.345957"/>
</kw>
<kw name="Click Element" owner="SeleniumLibrary">
<msg time="2024-10-22T17:16:54.358474" level="INFO">Clicking element '//button[@type="submit"]'.</msg>
<arg>//button[@type="submit"]</arg>
<doc>Click the element identified by ``locator``.</doc>
<status status="PASS" start="2024-10-22T17:16:54.358088" elapsed="0.214817"/>
</kw>
<kw name="Sleep" owner="BuiltIn">
<msg time="2024-10-22T17:16:57.573758" level="INFO">Slept 3 seconds.</msg>
<arg>3s</arg>
<doc>Pauses the test executed for the given time.</doc>
<status status="PASS" start="2024-10-22T17:16:54.573220" elapsed="3.000762"/>
</kw>
<arg>${user}</arg>
<status status="PASS" start="2024-10-22T17:16:50.429392" elapsed="7.144842"/>
</kw>
<kw name="Go To Link">
<kw name="Click Element" owner="SeleniumLibrary">
<msg time="2024-10-22T17:16:57.577673" level="INFO">Clicking element '//a[text()="Customers"]'.</msg>
<arg>//a[text()="${text}"]</arg>
<doc>Click the element identified by ``locator``.</doc>
<status status="PASS" start="2024-10-22T17:16:57.576983" elapsed="0.716914"/>
</kw>
<kw name="Wait Until Element Is Visible" owner="SeleniumLibrary">
<arg>//tbody/tr[last()]</arg>
<doc>Waits until the element ``locator`` is visible.</doc>
<status status="PASS" start="2024-10-22T17:16:58.295847" elapsed="0.085534"/>
</kw>
<arg>Customers</arg>
<status status="PASS" start="2024-10-22T17:16:57.574669" elapsed="0.806983"/>
</kw>
<var name="${user}">{'id': 1, 'name': 'Leanne Graham', 'username': 'Bret', 'email': 'Sincere@april.biz', 'address': {'street': 'Kulas Light', 'suite': 'Apt. 556', 'city': 'Gwenborough', 'zipcode': '92998-3874', 'geo': {'...</var>
<status status="PASS" start="2024-10-22T17:16:46.913685" elapsed="11.468065"/>
</iter>
<iter>
<kw name="Open Add Identity Modal">
<kw name="Click Element" owner="SeleniumLibrary">
<msg time="2024-10-22T17:16:58.383349" level="INFO">Clicking element '//a[@aria-label="Create"]'.</msg>
<arg>//a[@aria-label="Create"]</arg>
<doc>Click the element identified by ``locator``.</doc>
<status status="PASS" start="2024-10-22T17:16:58.382995" elapsed="0.363625"/>
</kw>
<kw name="Sleep" owner="BuiltIn">
<msg time="2024-10-22T17:17:01.747693" level="INFO">Slept 3 seconds.</msg>
<arg>3s</arg>
<doc>Pauses the test executed for the given time.</doc>
<status status="PASS" start="2024-10-22T17:16:58.747208" elapsed="3.000646"/>
</kw>
<status status="PASS" start="2024-10-22T17:16:58.382430" elapsed="3.365601"/>
</kw>
<kw name="Add User">
<kw name="Wait Until Element Is Visible" owner="SeleniumLibrary">
<arg>${identity_txt_firstName}</arg>
<doc>Waits until the element ``locator`` is visible.</doc>
<status status="PASS" start="2024-10-22T17:17:01.748968" elapsed="0.102045"/>
</kw>
<kw name="Evaluate" owner="BuiltIn">
<msg time="2024-10-22T17:17:01.852723" level="INFO">${firstName} = Ervin</msg>
<var>${firstName}</var>
<arg>" ".join("${user['name']}".split()[:-1]).strip()</arg>
<doc>Evaluates the given expression in Python and returns the result.</doc>
<status status="PASS" start="2024-10-22T17:17:01.851292" elapsed="0.001508"/>
</kw>
<kw name="Evaluate" owner="BuiltIn">
<msg time="2024-10-22T17:17:01.854219" level="INFO">${lastName} = Howell</msg>
<var>${lastName}</var>
<arg>" ".join("${user['name']}".split()[-1:]).strip()</arg>
<doc>Evaluates the given expression in Python and returns the result.</doc>
<status status="PASS" start="2024-10-22T17:17:01.853065" elapsed="0.001224"/>
</kw>
<kw name="Input Text" owner="SeleniumLibrary">
<msg time="2024-10-22T17:17:01.856088" level="INFO">Typing text 'Ervin' into text field '//input[@name="first_name"]'.</msg>
<arg>${identity_txt_firstName}</arg>
<arg>${firstName}</arg>
<doc>Types the given ``text`` into the text field identified by ``locator``.</doc>
<status status="PASS" start="2024-10-22T17:17:01.854709" elapsed="0.416453"/>
</kw>
<kw name="Input Text" owner="SeleniumLibrary">
<msg time="2024-10-22T17:17:02.278871" level="INFO">Typing text 'Howell' into text field '//input[@name="last_name"]'.</msg>
<arg>${identity_txt_lastName}</arg>
<arg>${lastName}</arg>
<doc>Types the given ``text`` into the text field identified by ``locator``.</doc>
<status status="PASS" start="2024-10-22T17:17:02.271468" elapsed="0.391694"/>
</kw>
<kw name="Input Text" owner="SeleniumLibrary">
<msg time="2024-10-22T17:17:02.664578" level="INFO">Typing text 'Shanna@melissa.tv' into text field '//input[@name="email"]'.</msg>
<arg>${identity_txt_email}</arg>
<arg>${user['email']}</arg>
<doc>Types the given ``text`` into the text field identified by ``locator``.</doc>
<status status="PASS" start="2024-10-22T17:17:02.663474" elapsed="0.452714"/>
</kw>
<kw name="Press Key" owner="SeleniumLibrary">
<arg>${identity_date_birthday}</arg>
<arg>${user['birthday']}</arg>
<doc>Simulates user pressing key on element identified by ``locator``.</doc>
<status status="PASS" start="2024-10-22T17:17:03.116497" elapsed="0.295435"/>
</kw>
<kw name="Input Text" owner="SeleniumLibrary">
<msg time="2024-10-22T17:17:03.413203" level="INFO">Typing text 'Victor Plains' into text field '//textarea[@name="address"]'.</msg>
<arg>${identity_txt_address}</arg>
<arg>${user['address']['street']}</arg>
<doc>Types the given ``text`` into the text field identified by ``locator``.</doc>
<status status="PASS" start="2024-10-22T17:17:03.412212" elapsed="0.347392"/>
</kw>
<kw name="Input Text" owner="SeleniumLibrary">
<msg time="2024-10-22T17:17:03.763373" level="INFO">Typing text 'Wisokyburgh' into text field '//input[@name="city"]'.</msg>
<arg>${identity_txt_city}</arg>
<arg>${user['address']['city']}</arg>
<doc>Types the given ``text`` into the text field identified by ``locator``.</doc>
<status status="PASS" start="2024-10-22T17:17:03.759978" elapsed="0.360084"/>
</kw>
<kw name="Input Text" owner="SeleniumLibrary">
<msg time="2024-10-22T17:17:04.128771" level="INFO">Typing text 'Victor Plains' into text field '//input[@name="stateAbbr"]'.</msg>
<arg>${identity_txt_stateAbbr}</arg>
<arg>${user['address']['street']}</arg>
<doc>Types the given ``text`` into the text field identified by ``locator``.</doc>
<status status="PASS" start="2024-10-22T17:17:04.120387" elapsed="0.754906"/>
</kw>
<kw name="Input Text" owner="SeleniumLibrary">
<msg time="2024-10-22T17:17:04.876706" level="INFO">Typing text '90566-7771' into text field '//input[@name="zipcode"]'.</msg>
<arg>${identity_txt_zipcode}</arg>
<arg>${user['address']['zipcode']}</arg>
<doc>Types the given ``text`` into the text field identified by ``locator``.</doc>
<status status="PASS" start="2024-10-22T17:17:04.875571" elapsed="0.361446"/>
</kw>
<kw name="Input Text" owner="SeleniumLibrary">
<msg time="2024-10-22T17:17:05.239113" level="INFO">Typing text '010-692-6593 x09125' into text field '//input[@name="password"]'.</msg>
<arg>${identity_txt_password}</arg>
<arg>${user['phone']}</arg>
<doc>Types the given ``text`` into the text field identified by ``locator``.</doc>
<status status="PASS" start="2024-10-22T17:17:05.237356" elapsed="0.561756"/>
</kw>
<kw name="Input Text" owner="SeleniumLibrary">
<msg time="2024-10-22T17:17:05.800587" level="INFO">Typing text '010-692-6593 x09125' into text field '//input[@name="confirm_password"]'.</msg>
<arg>${identity_txt_confirm_password}</arg>
<arg>${user['phone']}</arg>
<doc>Types the given ``text`` into the text field identified by ``locator``.</doc>
<status status="PASS" start="2024-10-22T17:17:05.799414" elapsed="0.377953"/>
</kw>
<kw name="Click Element" owner="SeleniumLibrary">
<msg time="2024-10-22T17:17:06.178031" level="INFO">Clicking element '//button[@type="submit"]'.</msg>
<arg>//button[@type="submit"]</arg>
<doc>Click the element identified by ``locator``.</doc>
<status status="PASS" start="2024-10-22T17:17:06.177690" elapsed="0.255865"/>
</kw>
<kw name="Sleep" owner="BuiltIn">
<msg time="2024-10-22T17:17:09.437009" level="INFO">Slept 3 seconds.</msg>
<arg>3s</arg>
<doc>Pauses the test executed for the given time.</doc>
<status status="PASS" start="2024-10-22T17:17:06.436392" elapsed="3.000866"/>
</kw>
<arg>${user}</arg>
<status status="PASS" start="2024-10-22T17:17:01.748384" elapsed="7.689140"/>
</kw>
<kw name="Go To Link">
<kw name="Click Element" owner="SeleniumLibrary">
<msg time="2024-10-22T17:17:09.439711" level="INFO">Clicking element '//a[text()="Customers"]'.</msg>
<arg>//a[text()="${text}"]</arg>
<doc>Click the element identified by ``locator``.</doc>
<status status="PASS" start="2024-10-22T17:17:09.438785" elapsed="0.789496"/>
</kw>
<kw name="Wait Until Element Is Visible" owner="SeleniumLibrary">
<arg>//tbody/tr[last()]</arg>
<doc>Waits until the element ``locator`` is visible.</doc>
<status status="PASS" start="2024-10-22T17:17:10.228559" elapsed="0.288568"/>
</kw>
<arg>Customers</arg>
<status status="PASS" start="2024-10-22T17:17:09.438018" elapsed="1.079428"/>
</kw>
<var name="${user}">{'id': 2, 'name': 'Ervin Howell', 'username': 'Antonette', 'email': 'Shanna@melissa.tv', 'address': {'street': 'Victor Plains', 'suite': 'Suite 879', 'city': 'Wisokyburgh', 'zipcode': '90566-7771', 'g...</var>
<status status="PASS" start="2024-10-22T17:16:58.382175" elapsed="12.135380"/>
</iter>
<iter>
<kw name="Open Add Identity Modal">
<kw name="Click Element" owner="SeleniumLibrary">
<msg time="2024-10-22T17:17:10.529270" level="INFO">Clicking element '//a[@aria-label="Create"]'.</msg>
<arg>//a[@aria-label="Create"]</arg>
<doc>Click the element identified by ``locator``.</doc>
<status status="PASS" start="2024-10-22T17:17:10.528900" elapsed="0.955279"/>
</kw>
<kw name="Sleep" owner="BuiltIn">
<msg time="2024-10-22T17:17:14.484949" level="INFO">Slept 3 seconds.</msg>
<arg>3s</arg>
<doc>Pauses the test executed for the given time.</doc>
<status status="PASS" start="2024-10-22T17:17:11.484437" elapsed="3.000713"/>
</kw>
<status status="PASS" start="2024-10-22T17:17:10.526037" elapsed="3.959442"/>
</kw>
<kw name="Add User">
<kw name="Wait Until Element Is Visible" owner="SeleniumLibrary">
<arg>${identity_txt_firstName}</arg>
<doc>Waits until the element ``locator`` is visible.</doc>
<status status="PASS" start="2024-10-22T17:17:14.486728" elapsed="0.070990"/>
</kw>
<kw name="Evaluate" owner="BuiltIn">
<msg time="2024-10-22T17:17:14.559845" level="INFO">${firstName} = Clementine</msg>
<var>${firstName}</var>
<arg>" ".join("${user['name']}".split()[:-1]).strip()</arg>
<doc>Evaluates the given expression in Python and returns the result.</doc>
<status status="PASS" start="2024-10-22T17:17:14.558181" elapsed="0.001758"/>
</kw>
<kw name="Evaluate" owner="BuiltIn">
<msg time="2024-10-22T17:17:14.561899" level="INFO">${lastName} = Bauch</msg>
<var>${lastName}</var>
<arg>" ".join("${user['name']}".split()[-1:]).strip()</arg>
<doc>Evaluates the given expression in Python and returns the result.</doc>
<status status="PASS" start="2024-10-22T17:17:14.560296" elapsed="0.001709"/>
</kw>
<kw name="Input Text" owner="SeleniumLibrary">
<msg time="2024-10-22T17:17:14.563171" level="INFO">Typing text 'Clementine' into text field '//input[@name="first_name"]'.</msg>
<arg>${identity_txt_firstName}</arg>
<arg>${firstName}</arg>
<doc>Types the given ``text`` into the text field identified by ``locator``.</doc>
<status status="PASS" start="2024-10-22T17:17:14.562433" elapsed="0.384276"/>
</kw>
<kw name="Input Text" owner="SeleniumLibrary">
<msg time="2024-10-22T17:17:14.947365" level="INFO">Typing text 'Bauch' into text field '//input[@name="last_name"]'.</msg>
<arg>${identity_txt_lastName}</arg>
<arg>${lastName}</arg>
<doc>Types the given ``text`` into the text field identified by ``locator``.</doc>
<status status="PASS" start="2024-10-22T17:17:14.946978" elapsed="0.333360"/>
</kw>
<kw name="Input Text" owner="SeleniumLibrary">
<msg time="2024-10-22T17:17:15.282977" level="INFO">Typing text 'Nathan@yesenia.net' into text field '//input[@name="email"]'.</msg>
<arg>${identity_txt_email}</arg>
<arg>${user['email']}</arg>
<doc>Types the given ``text`` into the text field identified by ``locator``.</doc>
<status status="PASS" start="2024-10-22T17:17:15.280917" elapsed="0.414686"/>
</kw>
<kw name="Press Key" owner="SeleniumLibrary">
<arg>${identity_date_birthday}</arg>
<arg>${user['birthday']}</arg>
<doc>Simulates user pressing key on element identified by ``locator``.</doc>
<status status="PASS" start="2024-10-22T17:17:15.696432" elapsed="0.296752"/>
</kw>
<kw name="Input Text" owner="SeleniumLibrary">
<msg time="2024-10-22T17:17:15.994469" level="INFO">Typing text 'Douglas Extension' into text field '//textarea[@name="address"]'.</msg>
<arg>${identity_txt_address}</arg>
<arg>${user['address']['street']}</arg>
<doc>Types the given ``text`` into the text field identified by ``locator``.</doc>
<status status="PASS" start="2024-10-22T17:17:15.993470" elapsed="0.368405"/>
</kw>
<kw name="Input Text" owner="SeleniumLibrary">
<msg time="2024-10-22T17:17:16.364858" level="INFO">Typing text 'McKenziehaven' into text field '//input[@name="city"]'.</msg>
<arg>${identity_txt_city}</arg>
<arg>${user['address']['city']}</arg>
<doc>Types the given ``text`` into the text field identified by ``locator``.</doc>
<status status="PASS" start="2024-10-22T17:17:16.362164" elapsed="0.453527"/>
</kw>
<kw name="Input Text" owner="SeleniumLibrary">
<msg time="2024-10-22T17:17:16.818918" level="INFO">Typing text 'Douglas Extension' into text field '//input[@name="stateAbbr"]'.</msg>
<arg>${identity_txt_stateAbbr}</arg>
<arg>${user['address']['street']}</arg>
<doc>Types the given ``text`` into the text field identified by ``locator``.</doc>
<status status="PASS" start="2024-10-22T17:17:16.816010" elapsed="0.387756"/>
</kw>
<kw name="Input Text" owner="SeleniumLibrary">
<msg time="2024-10-22T17:17:17.207302" level="INFO">Typing text '59590-4157' into text field '//input[@name="zipcode"]'.</msg>
<arg>${identity_txt_zipcode}</arg>
<arg>${user['address']['zipcode']}</arg>
<doc>Types the given ``text`` into the text field identified by ``locator``.</doc>
<status status="PASS" start="2024-10-22T17:17:17.204070" elapsed="0.329317"/>
</kw>
<kw name="Input Text" owner="SeleniumLibrary">
<msg time="2024-10-22T17:17:17.543343" level="INFO">Typing text '1-463-123-4447' into text field '//input[@name="password"]'.</msg>
<arg>${identity_txt_password}</arg>
<arg>${user['phone']}</arg>
<doc>Types the given ``text`` into the text field identified by ``locator``.</doc>
<status status="PASS" start="2024-10-22T17:17:17.537816" elapsed="0.373238"/>
</kw>
<kw name="Input Text" owner="SeleniumLibrary">
<msg time="2024-10-22T17:17:17.913240" level="INFO">Typing text '1-463-123-4447' into text field '//input[@name="confirm_password"]'.</msg>
<arg>${identity_txt_confirm_password}</arg>
<arg>${user['phone']}</arg>
<doc>Types the given ``text`` into the text field identified by ``locator``.</doc>
<status status="PASS" start="2024-10-22T17:17:17.911417" elapsed="0.276514"/>
</kw>
<kw name="Click Element" owner="SeleniumLibrary">
<msg time="2024-10-22T17:17:18.188525" level="INFO">Clicking element '//button[@type="submit"]'.</msg>
<arg>//button[@type="submit"]</arg>
<doc>Click the element identified by ``locator``.</doc>
<status status="PASS" start="2024-10-22T17:17:18.188217" elapsed="0.196353"/>
</kw>
<kw name="Sleep" owner="BuiltIn">
<msg time="2024-10-22T17:17:21.385890" level="INFO">Slept 3 seconds.</msg>
<arg>3s</arg>
<doc>Pauses the test executed for the given time.</doc>
<status status="PASS" start="2024-10-22T17:17:18.385319" elapsed="3.000817"/>
</kw>
<arg>${user}</arg>
<status status="PASS" start="2024-10-22T17:17:14.485983" elapsed="6.900428"/>
</kw>
<kw name="Go To Link">
<kw name="Click Element" owner="SeleniumLibrary">
<msg time="2024-10-22T17:17:21.388347" level="INFO">Clicking element '//a[text()="Customers"]'.</msg>
<arg>//a[text()="${text}"]</arg>
<doc>Click the element identified by ``locator``.</doc>
<status status="PASS" start="2024-10-22T17:17:21.387757" elapsed="0.678241"/>
</kw>
<kw name="Wait Until Element Is Visible" owner="SeleniumLibrary">
<arg>//tbody/tr[last()]</arg>
<doc>Waits until the element ``locator`` is visible.</doc>
<status status="PASS" start="2024-10-22T17:17:22.066316" elapsed="0.119235"/>
</kw>
<arg>Customers</arg>
<status status="PASS" start="2024-10-22T17:17:21.386887" elapsed="0.798956"/>
</kw>
<var name="${user}">{'id': 3, 'name': 'Clementine Bauch', 'username': 'Samantha', 'email': 'Nathan@yesenia.net', 'address': {'street': 'Douglas Extension', 'suite': 'Suite 847', 'city': 'McKenziehaven', 'zipcode': '59590...</var>
<status status="PASS" start="2024-10-22T17:17:10.518285" elapsed="11.667937"/>
</iter>
<iter>
<kw name="Open Add Identity Modal">
<kw name="Click Element" owner="SeleniumLibrary">
<msg time="2024-10-22T17:17:22.188049" level="INFO">Clicking element '//a[@aria-label="Create"]'.</msg>
<arg>//a[@aria-label="Create"]</arg>
<doc>Click the element identified by ``locator``.</doc>
<status status="PASS" start="2024-10-22T17:17:22.187461" elapsed="0.289813"/>
</kw>
<kw name="Sleep" owner="BuiltIn">
<msg time="2024-10-22T17:17:25.478118" level="INFO">Slept 3 seconds.</msg>
<arg>3s</arg>
<doc>Pauses the test executed for the given time.</doc>
<status status="PASS" start="2024-10-22T17:17:22.477587" elapsed="3.000762"/>
</kw>
<status status="PASS" start="2024-10-22T17:17:22.186897" elapsed="3.291710"/>
</kw>
<kw name="Add User">
<kw name="Wait Until Element Is Visible" owner="SeleniumLibrary">
<arg>${identity_txt_firstName}</arg>
<doc>Waits until the element ``locator`` is visible.</doc>
<status status="PASS" start="2024-10-22T17:17:25.480122" elapsed="0.068057"/>
</kw>
<kw name="Evaluate" owner="BuiltIn">
<msg time="2024-10-22T17:17:25.550962" level="INFO">${firstName} = Patricia</msg>
<var>${firstName}</var>
<arg>" ".join("${user['name']}".split()[:-1]).strip()</arg>
<doc>Evaluates the given expression in Python and returns the result.</doc>
<status status="PASS" start="2024-10-22T17:17:25.548930" elapsed="0.002130"/>
</kw>
<kw name="Evaluate" owner="BuiltIn">
<msg time="2024-10-22T17:17:25.553913" level="INFO">${lastName} = Lebsack</msg>
<var>${lastName}</var>
<arg>" ".join("${user['name']}".split()[-1:]).strip()</arg>
<doc>Evaluates the given expression in Python and returns the result.</doc>
<status status="PASS" start="2024-10-22T17:17:25.551874" elapsed="0.002136"/>
</kw>
<kw name="Input Text" owner="SeleniumLibrary">
<msg time="2024-10-22T17:17:25.555260" level="INFO">Typing text 'Patricia' into text field '//input[@name="first_name"]'.</msg>
<arg>${identity_txt_firstName}</arg>
<arg>${firstName}</arg>
<doc>Types the given ``text`` into the text field identified by ``locator``.</doc>
<status status="PASS" start="2024-10-22T17:17:25.554536" elapsed="0.314458"/>
</kw>
<kw name="Input Text" owner="SeleniumLibrary">
<msg time="2024-10-22T17:17:25.869736" level="INFO">Typing text 'Lebsack' into text field '//input[@name="last_name"]'.</msg>
<arg>${identity_txt_lastName}</arg>
<arg>${lastName}</arg>
<doc>Types the given ``text`` into the text field identified by ``locator``.</doc>
<status status="PASS" start="2024-10-22T17:17:25.869291" elapsed="0.341816"/>
</kw>
<kw name="Input Text" owner="SeleniumLibrary">
<msg time="2024-10-22T17:17:26.212352" level="INFO">Typing text 'Julianne.OConner@kory.org' into text field '//input[@name="email"]'.</msg>
<arg>${identity_txt_email}</arg>
<arg>${user['email']}</arg>
<doc>Types the given ``text`` into the text field identified by ``locator``.</doc>
<status status="PASS" start="2024-10-22T17:17:26.211384" elapsed="0.397461"/>
</kw>
<kw name="Press Key" owner="SeleniumLibrary">
<arg>${identity_date_birthday}</arg>
<arg>${user['birthday']}</arg>
<doc>Simulates user pressing key on element identified by ``locator``.</doc>
<status status="PASS" start="2024-10-22T17:17:26.609161" elapsed="0.223220"/>
</kw>
<kw name="Input Text" owner="SeleniumLibrary">
<msg time="2024-10-22T17:17:26.834466" level="INFO">Typing text 'Hoeger Mall' into text field '//textarea[@name="address"]'.</msg>
<arg>${identity_txt_address}</arg>
<arg>${user['address']['street']}</arg>
<doc>Types the given ``text`` into the text field identified by ``locator``.</doc>
<status status="PASS" start="2024-10-22T17:17:26.832756" elapsed="0.338271"/>
</kw>
<kw name="Input Text" owner="SeleniumLibrary">
<msg time="2024-10-22T17:17:27.173138" level="INFO">Typing text 'South Elvis' into text field '//input[@name="city"]'.</msg>
<arg>${identity_txt_city}</arg>
<arg>${user['address']['city']}</arg>
<doc>Types the given ``text`` into the text field identified by ``locator``.</doc>
<status status="PASS" start="2024-10-22T17:17:27.171354" elapsed="0.438816"/>
</kw>
<kw name="Input Text" owner="SeleniumLibrary">
<msg time="2024-10-22T17:17:27.611491" level="INFO">Typing text 'Hoeger Mall' into text field '//input[@name="stateAbbr"]'.</msg>
<arg>${identity_txt_stateAbbr}</arg>
<arg>${user['address']['street']}</arg>
<doc>Types the given ``text`` into the text field identified by ``locator``.</doc>
<status status="PASS" start="2024-10-22T17:17:27.610481" elapsed="0.309459"/>
</kw>
<kw name="Input Text" owner="SeleniumLibrary">
<msg time="2024-10-22T17:17:27.921997" level="INFO">Typing text '53919-4257' into text field '//input[@name="zipcode"]'.</msg>
<arg>${identity_txt_zipcode}</arg>
<arg>${user['address']['zipcode']}</arg>
<doc>Types the given ``text`` into the text field identified by ``locator``.</doc>
<status status="PASS" start="2024-10-22T17:17:27.920254" elapsed="0.294927"/>
</kw>
<kw name="Input Text" owner="SeleniumLibrary">
<msg time="2024-10-22T17:17:28.216587" level="INFO">Typing text '493-170-9623 x156' into text field '//input[@name="password"]'.</msg>
<arg>${identity_txt_password}</arg>
<arg>${user['phone']}</arg>
<doc>Types the given ``text`` into the text field identified by ``locator``.</doc>
<status status="PASS" start="2024-10-22T17:17:28.215488" elapsed="0.393384"/>
</kw>
<kw name="Input Text" owner="SeleniumLibrary">
<msg time="2024-10-22T17:17:28.611097" level="INFO">Typing text '493-170-9623 x156' into text field '//input[@name="confirm_password"]'.</msg>
<arg>${identity_txt_confirm_password}</arg>
<arg>${user['phone']}</arg>
<doc>Types the given ``text`` into the text field identified by ``locator``.</doc>
<status status="PASS" start="2024-10-22T17:17:28.609224" elapsed="0.346744"/>
</kw>
<kw name="Click Element" owner="SeleniumLibrary">
<msg time="2024-10-22T17:17:28.957135" level="INFO">Clicking element '//button[@type="submit"]'.</msg>
<arg>//button[@type="submit"]</arg>
<doc>Click the element identified by ``locator``.</doc>
<status status="PASS" start="2024-10-22T17:17:28.956298" elapsed="0.183955"/>
</kw>
<kw name="Sleep" owner="BuiltIn">
<msg time="2024-10-22T17:17:32.141048" level="INFO">Slept 3 seconds.</msg>
<arg>3s</arg>
<doc>Pauses the test executed for the given time.</doc>
<status status="PASS" start="2024-10-22T17:17:29.140538" elapsed="3.000770"/>
</kw>
<arg>${user}</arg>
<status status="PASS" start="2024-10-22T17:17:25.479173" elapsed="6.662413"/>
</kw>
<kw name="Go To Link">
<kw name="Click Element" owner="SeleniumLibrary">
<msg time="2024-10-22T17:17:32.143282" level="INFO">Clicking element '//a[text()="Customers"]'.</msg>
<arg>//a[text()="${text}"]</arg>
<doc>Click the element identified by ``locator``.</doc>
<status status="PASS" start="2024-10-22T17:17:32.142782" elapsed="0.891082"/>
</kw>
<kw name="Wait Until Element Is Visible" owner="SeleniumLibrary">
<arg>//tbody/tr[last()]</arg>
<doc>Waits until the element ``locator`` is visible.</doc>
<status status="PASS" start="2024-10-22T17:17:33.034254" elapsed="0.211648"/>
</kw>
<arg>Customers</arg>
<status status="PASS" start="2024-10-22T17:17:32.142072" elapsed="1.104009"/>
</kw>
<var name="${user}">{'id': 4, 'name': 'Patricia Lebsack', 'username': 'Karianne', 'email': 'Julianne.OConner@kory.org', 'address': {'street': 'Hoeger Mall', 'suite': 'Apt. 692', 'city': 'South Elvis', 'zipcode': '53919-4...</var>
<status status="PASS" start="2024-10-22T17:17:22.186582" elapsed="11.059579"/>
</iter>
<iter>
<kw name="Open Add Identity Modal">
<kw name="Click Element" owner="SeleniumLibrary">
<msg time="2024-10-22T17:17:33.248670" level="INFO">Clicking element '//a[@aria-label="Create"]'.</msg>
<arg>//a[@aria-label="Create"]</arg>
<doc>Click the element identified by ``locator``.</doc>
<status status="PASS" start="2024-10-22T17:17:33.248345" elapsed="0.640617"/>
</kw>
<kw name="Sleep" owner="BuiltIn">
<msg time="2024-10-22T17:17:36.890092" level="INFO">Slept 3 seconds.</msg>
<arg>3s</arg>
<doc>Pauses the test executed for the given time.</doc>
<status status="PASS" start="2024-10-22T17:17:33.889579" elapsed="3.000715"/>
</kw>
<status status="PASS" start="2024-10-22T17:17:33.247800" elapsed="3.642702"/>
</kw>
<kw name="Add User">
<kw name="Wait Until Element Is Visible" owner="SeleniumLibrary">
<arg>${identity_txt_firstName}</arg>
<doc>Waits until the element ``locator`` is visible.</doc>
<status status="PASS" start="2024-10-22T17:17:36.891780" elapsed="0.048140"/>
</kw>
<kw name="Evaluate" owner="BuiltIn">
<msg time="2024-10-22T17:17:36.941725" level="INFO">${firstName} = Chelsey</msg>
<var>${firstName}</var>
<arg>" ".join("${user['name']}".split()[:-1]).strip()</arg>
<doc>Evaluates the given expression in Python and returns the result.</doc>
<status status="PASS" start="2024-10-22T17:17:36.940307" elapsed="0.001496"/>
</kw>
<kw name="Evaluate" owner="BuiltIn">
<msg time="2024-10-22T17:17:36.944777" level="INFO">${lastName} = Dietrich</msg>
<var>${lastName}</var>
<arg>" ".join("${user['name']}".split()[-1:]).strip()</arg>
<doc>Evaluates the given expression in Python and returns the result.</doc>
<status status="PASS" start="2024-10-22T17:17:36.942093" elapsed="0.002756"/>
</kw>
<kw name="Input Text" owner="SeleniumLibrary">
<msg time="2024-10-22T17:17:36.945528" level="INFO">Typing text 'Chelsey' into text field '//input[@name="first_name"]'.</msg>
<arg>${identity_txt_firstName}</arg>
<arg>${firstName}</arg>
<doc>Types the given ``text`` into the text field identified by ``locator``.</doc>
<status status="PASS" start="2024-10-22T17:17:36.945117" elapsed="0.443985"/>
</kw>
<kw name="Input Text" owner="SeleniumLibrary">
<msg time="2024-10-22T17:17:37.394957" level="INFO">Typing text 'Dietrich' into text field '//input[@name="last_name"]'.</msg>
<arg>${identity_txt_lastName}</arg>
<arg>${lastName}</arg>
<doc>Types the given ``text`` into the text field identified by ``locator``.</doc>
<status status="PASS" start="2024-10-22T17:17:37.389546" elapsed="0.406175"/>
</kw>
<kw name="Input Text" owner="SeleniumLibrary">
<msg time="2024-10-22T17:17:37.798303" level="INFO">Typing text 'Lucio_Hettinger@annie.ca' into text field '//input[@name="email"]'.</msg>
<arg>${identity_txt_email}</arg>
<arg>${user['email']}</arg>
<doc>Types the given ``text`` into the text field identified by ``locator``.</doc>
<status status="PASS" start="2024-10-22T17:17:37.796019" elapsed="0.431183"/>
</kw>
<kw name="Press Key" owner="SeleniumLibrary">
<arg>${identity_date_birthday}</arg>
<arg>${user['birthday']}</arg>
<doc>Simulates user pressing key on element identified by ``locator``.</doc>
<status status="PASS" start="2024-10-22T17:17:38.227796" elapsed="0.233790"/>
</kw>
<kw name="Input Text" owner="SeleniumLibrary">
<msg time="2024-10-22T17:17:38.464203" level="INFO">Typing text 'Skiles Walks' into text field '//textarea[@name="address"]'.</msg>
<arg>${identity_txt_address}</arg>
<arg>${user['address']['street']}</arg>
<doc>Types the given ``text`` into the text field identified by ``locator``.</doc>
<status status="PASS" start="2024-10-22T17:17:38.461933" elapsed="0.417425"/>
</kw>
<kw name="Input Text" owner="SeleniumLibrary">
<msg time="2024-10-22T17:17:38.880727" level="INFO">Typing text 'Roscoeview' into text field '//input[@name="city"]'.</msg>
<arg>${identity_txt_city}</arg>
<arg>${user['address']['city']}</arg>
<doc>Types the given ``text`` into the text field identified by ``locator``.</doc>
<status status="PASS" start="2024-10-22T17:17:38.879716" elapsed="0.298392"/>
</kw>
<kw name="Input Text" owner="SeleniumLibrary">
<msg time="2024-10-22T17:17:39.180647" level="INFO">Typing text 'Skiles Walks' into text field '//input[@name="stateAbbr"]'.</msg>
<arg>${identity_txt_stateAbbr}</arg>
<arg>${user['address']['street']}</arg>
<doc>Types the given ``text`` into the text field identified by ``locator``.</doc>
<status status="PASS" start="2024-10-22T17:17:39.178388" elapsed="0.357481"/>
</kw>
<kw name="Input Text" owner="SeleniumLibrary">
<msg time="2024-10-22T17:17:39.537332" level="INFO">Typing text '33263' into text field '//input[@name="zipcode"]'.</msg>
<arg>${identity_txt_zipcode}</arg>
<arg>${user['address']['zipcode']}</arg>
<doc>Types the given ``text`` into the text field identified by ``locator``.</doc>
<status status="PASS" start="2024-10-22T17:17:39.536190" elapsed="0.437139"/>
</kw>
<kw name="Input Text" owner="SeleniumLibrary">
<msg time="2024-10-22T17:17:39.979178" level="INFO">Typing text '(254)954-1289' into text field '//input[@name="password"]'.</msg>
<arg>${identity_txt_password}</arg>
<arg>${user['phone']}</arg>
<doc>Types the given ``text`` into the text field identified by ``locator``.</doc>
<status status="PASS" start="2024-10-22T17:17:39.977977" elapsed="0.384323"/>
</kw>
<kw name="Input Text" owner="SeleniumLibrary">
<msg time="2024-10-22T17:17:40.363551" level="INFO">Typing text '(254)954-1289' into text field '//input[@name="confirm_password"]'.</msg>
<arg>${identity_txt_confirm_password}</arg>
<arg>${user['phone']}</arg>
<doc>Types the given ``text`` into the text field identified by ``locator``.</doc>
<status status="PASS" start="2024-10-22T17:17:40.362575" elapsed="0.320015"/>
</kw>
<kw name="Click Element" owner="SeleniumLibrary">
<msg time="2024-10-22T17:17:40.683336" level="INFO">Clicking element '//button[@type="submit"]'.</msg>
<arg>//button[@type="submit"]</arg>
<doc>Click the element identified by ``locator``.</doc>
<status status="PASS" start="2024-10-22T17:17:40.682957" elapsed="0.226174"/>
</kw>
<kw name="Sleep" owner="BuiltIn">
<msg time="2024-10-22T17:17:43.910343" level="INFO">Slept 3 seconds.</msg>
<arg>3s</arg>
<doc>Pauses the test executed for the given time.</doc>
<status status="PASS" start="2024-10-22T17:17:40.909409" elapsed="3.001157"/>
</kw>
<arg>${user}</arg>
<status status="PASS" start="2024-10-22T17:17:36.890943" elapsed="7.019906"/>
</kw>
<kw name="Go To Link">
<kw name="Click Element" owner="SeleniumLibrary">
<msg time="2024-10-22T17:17:43.912468" level="INFO">Clicking element '//a[text()="Customers"]'.</msg>
<arg>//a[text()="${text}"]</arg>
<doc>Click the element identified by ``locator``.</doc>
<status status="PASS" start="2024-10-22T17:17:43.911942" elapsed="0.492664"/>
</kw>
<kw name="Wait Until Element Is Visible" owner="SeleniumLibrary">
<arg>//tbody/tr[last()]</arg>
<doc>Waits until the element ``locator`` is visible.</doc>
<status status="PASS" start="2024-10-22T17:17:44.404991" elapsed="0.107545"/>
</kw>
<arg>Customers</arg>
<status status="PASS" start="2024-10-22T17:17:43.911230" elapsed="0.601562"/>
</kw>
<var name="${user}">{'id': 5, 'name': 'Chelsey Dietrich', 'username': 'Kamren', 'email': 'Lucio_Hettinger@annie.ca', 'address': {'street': 'Skiles Walks', 'suite': 'Suite 351', 'city': 'Roscoeview', 'zipcode': '33263', '...</var>
<status status="PASS" start="2024-10-22T17:17:33.247253" elapsed="11.265629"/>
</iter>
<iter>
<kw name="Open Add Identity Modal">
<kw name="Click Element" owner="SeleniumLibrary">
<msg time="2024-10-22T17:17:44.514167" level="INFO">Clicking element '//a[@aria-label="Create"]'.</msg>
<arg>//a[@aria-label="Create"]</arg>
<doc>Click the element identified by ``locator``.</doc>
<status status="PASS" start="2024-10-22T17:17:44.513868" elapsed="0.300302"/>
</kw>
<kw name="Sleep" owner="BuiltIn">
<msg time="2024-10-22T17:17:47.814870" level="INFO">Slept 3 seconds.</msg>
<arg>3s</arg>
<doc>Pauses the test executed for the given time.</doc>
<status status="PASS" start="2024-10-22T17:17:44.814456" elapsed="3.000581"/>
</kw>
<status status="PASS" start="2024-10-22T17:17:44.513373" elapsed="3.301848"/>
</kw>
<kw name="Add User">
<kw name="Wait Until Element Is Visible" owner="SeleniumLibrary">
<arg>${identity_txt_firstName}</arg>
<doc>Waits until the element ``locator`` is visible.</doc>
<status status="PASS" start="2024-10-22T17:17:47.816250" elapsed="0.215717"/>
</kw>
<kw name="Evaluate" owner="BuiltIn">
<msg time="2024-10-22T17:17:48.036415" level="INFO">${firstName} = Mrs. Dennis</msg>
<var>${firstName}</var>
<arg>" ".join("${user['name']}".split()[:-1]).strip()</arg>
<doc>Evaluates the given expression in Python and returns the result.</doc>
<status status="PASS" start="2024-10-22T17:17:48.032304" elapsed="0.004182"/>
</kw>
<kw name="Evaluate" owner="BuiltIn">
<msg time="2024-10-22T17:17:48.042218" level="INFO">${lastName} = Schulist</msg>
<var>${lastName}</var>
<arg>" ".join("${user['name']}".split()[-1:]).strip()</arg>
<doc>Evaluates the given expression in Python and returns the result.</doc>
<status status="PASS" start="2024-10-22T17:17:48.036771" elapsed="0.005528"/>
</kw>
<kw name="Input Text" owner="SeleniumLibrary">
<msg time="2024-10-22T17:17:48.043029" level="INFO">Typing text 'Mrs. Dennis' into text field '//input[@name="first_name"]'.</msg>
<arg>${identity_txt_firstName}</arg>
<arg>${firstName}</arg>
<doc>Types the given ``text`` into the text field identified by ``locator``.</doc>
<status status="PASS" start="2024-10-22T17:17:48.042588" elapsed="0.566336"/>
</kw>
<kw name="Input Text" owner="SeleniumLibrary">
<msg time="2024-10-22T17:17:48.621843" level="INFO">Typing text 'Schulist' into text field '//input[@name="last_name"]'.</msg>
<arg>${identity_txt_lastName}</arg>
<arg>${lastName}</arg>
<doc>Types the given ``text`` into the text field identified by ``locator``.</doc>
<status status="PASS" start="2024-10-22T17:17:48.621352" elapsed="0.508622"/>
</kw>
<kw name="Input Text" owner="SeleniumLibrary">
<msg time="2024-10-22T17:17:49.131213" level="INFO">Typing text 'Karley_Dach@jasper.info' into text field '//input[@name="email"]'.</msg>
<arg>${identity_txt_email}</arg>
<arg>${user['email']}</arg>
<doc>Types the given ``text`` into the text field identified by ``locator``.</doc>
<status status="PASS" start="2024-10-22T17:17:49.130239" elapsed="0.401507"/>
</kw>
<kw name="Press Key" owner="SeleniumLibrary">
<arg>${identity_date_birthday}</arg>
<arg>${user['birthday']}</arg>
<doc>Simulates user pressing key on element identified by ``locator``.</doc>
<status status="PASS" start="2024-10-22T17:17:49.532328" elapsed="0.192874"/>
</kw>
<kw name="Input Text" owner="SeleniumLibrary">
<msg time="2024-10-22T17:17:49.726466" level="INFO">Typing text 'Norberto Crossing' into text field '//textarea[@name="address"]'.</msg>
<arg>${identity_txt_address}</arg>
<arg>${user['address']['street']}</arg>
<doc>Types the given ``text`` into the text field identified by ``locator``.</doc>
<status status="PASS" start="2024-10-22T17:17:49.725477" elapsed="0.339838"/>
</kw>
<kw name="Input Text" owner="SeleniumLibrary">
<msg time="2024-10-22T17:17:50.067422" level="INFO">Typing text 'South Christy' into text field '//input[@name="city"]'.</msg>
<arg>${identity_txt_city}</arg>
<arg>${user['address']['city']}</arg>
<doc>Types the given ``text`` into the text field identified by ``locator``.</doc>
<status status="PASS" start="2024-10-22T17:17:50.065911" elapsed="0.277326"/>
</kw>
<kw name="Input Text" owner="SeleniumLibrary">
<msg time="2024-10-22T17:17:50.344561" level="INFO">Typing text 'Norberto Crossing' into text field '//input[@name="stateAbbr"]'.</msg>
<arg>${identity_txt_stateAbbr}</arg>
<arg>${user['address']['street']}</arg>
<doc>Types the given ``text`` into the text field identified by ``locator``.</doc>
<status status="PASS" start="2024-10-22T17:17:50.343544" elapsed="0.308006"/>
</kw>
<kw name="Input Text" owner="SeleniumLibrary">
<msg time="2024-10-22T17:17:50.654754" level="INFO">Typing text '23505-1337' into text field '//input[@name="zipcode"]'.</msg>
<arg>${identity_txt_zipcode}</arg>
<arg>${user['address']['zipcode']}</arg>
<doc>Types the given ``text`` into the text field identified by ``locator``.</doc>
<status status="PASS" start="2024-10-22T17:17:50.651895" elapsed="0.277417"/>
</kw>
<kw name="Input Text" owner="SeleniumLibrary">
<msg time="2024-10-22T17:17:50.930556" level="INFO">Typing text '1-477-935-8478 x6430' into text field '//input[@name="password"]'.</msg>
<arg>${identity_txt_password}</arg>
<arg>${user['phone']}</arg>
<doc>Types the given ``text`` into the text field identified by ``locator``.</doc>
<status status="PASS" start="2024-10-22T17:17:50.929583" elapsed="0.373680"/>
</kw>
<kw name="Input Text" owner="SeleniumLibrary">
<msg time="2024-10-22T17:17:51.306310" level="INFO">Typing text '1-477-935-8478 x6430' into text field '//input[@name="confirm_password"]'.</msg>
<arg>${identity_txt_confirm_password}</arg>
<arg>${user['phone']}</arg>
<doc>Types the given ``text`` into the text field identified by ``locator``.</doc>
<status status="PASS" start="2024-10-22T17:17:51.303585" elapsed="0.425764"/>
</kw>
<kw name="Click Element" owner="SeleniumLibrary">
<msg time="2024-10-22T17:17:51.730057" level="INFO">Clicking element '//button[@type="submit"]'.</msg>
<arg>//button[@type="submit"]</arg>
<doc>Click the element identified by ``locator``.</doc>
<status status="PASS" start="2024-10-22T17:17:51.729695" elapsed="0.366615"/>
</kw>
<kw name="Sleep" owner="BuiltIn">
<msg time="2024-10-22T17:17:55.098274" level="INFO">Slept 3 seconds.</msg>
<arg>3s</arg>
<doc>Pauses the test executed for the given time.</doc>
<status status="PASS" start="2024-10-22T17:17:52.096620" elapsed="3.001888"/>
</kw>
<arg>${user}</arg>
<status status="PASS" start="2024-10-22T17:17:47.815607" elapsed="7.283110"/>
</kw>
<kw name="Go To Link">
<kw name="Click Element" owner="SeleniumLibrary">
<msg time="2024-10-22T17:17:55.099921" level="INFO">Clicking element '//a[text()="Customers"]'.</msg>
<arg>//a[text()="${text}"]</arg>
<doc>Click the element identified by ``locator``.</doc>
<status status="PASS" start="2024-10-22T17:17:55.099528" elapsed="0.574991"/>
</kw>
<kw name="Wait Until Element Is Visible" owner="SeleniumLibrary">
<arg>//tbody/tr[last()]</arg>
<doc>Waits until the element ``locator`` is visible.</doc>
<status status="PASS" start="2024-10-22T17:17:55.674821" elapsed="0.166472"/>
</kw>
<arg>Customers</arg>
<status status="PASS" start="2024-10-22T17:17:55.099022" elapsed="0.742457"/>
</kw>
<var name="${user}">{'id': 6, 'name': 'Mrs. Dennis Schulist', 'username': 'Leopoldo_Corkery', 'email': 'Karley_Dach@jasper.info', 'address': {'street': 'Norberto Crossing', 'suite': 'Apt. 950', 'city': 'South Christy', '...</var>
<status status="PASS" start="2024-10-22T17:17:44.513146" elapsed="11.328416"/>
</iter>
<iter>
<kw name="Open Add Identity Modal">
<kw name="Click Element" owner="SeleniumLibrary">
<msg time="2024-10-22T17:17:55.842821" level="INFO">Clicking element '//a[@aria-label="Create"]'.</msg>
<arg>//a[@aria-label="Create"]</arg>
<doc>Click the element identified by ``locator``.</doc>
<status status="PASS" start="2024-10-22T17:17:55.842481" elapsed="0.575436"/>
</kw>
<kw name="Sleep" owner="BuiltIn">
<msg time="2024-10-22T17:17:59.418709" level="INFO">Slept 3 seconds.</msg>
<arg>3s</arg>
<doc>Pauses the test executed for the given time.</doc>
<status status="PASS" start="2024-10-22T17:17:56.418182" elapsed="3.000804"/>
</kw>
<status status="PASS" start="2024-10-22T17:17:55.842063" elapsed="3.577186"/>
</kw>
<kw name="Add User">
<kw name="Wait Until Element Is Visible" owner="SeleniumLibrary">
<arg>${identity_txt_firstName}</arg>
<doc>Waits until the element ``locator`` is visible.</doc>
<status status="PASS" start="2024-10-22T17:17:59.420920" elapsed="0.050759"/>
</kw>
<kw name="Evaluate" owner="BuiltIn">
<msg time="2024-10-22T17:17:59.473561" level="INFO">${firstName} = Kurtis</msg>
<var>${firstName}</var>
<arg>" ".join("${user['name']}".split()[:-1]).strip()</arg>
<doc>Evaluates the given expression in Python and returns the result.</doc>
<status status="PASS" start="2024-10-22T17:17:59.472061" elapsed="0.001630"/>
</kw>
<kw name="Evaluate" owner="BuiltIn">
<msg time="2024-10-22T17:17:59.475537" level="INFO">${lastName} = Weissnat</msg>
<var>${lastName}</var>
<arg>" ".join("${user['name']}".split()[-1:]).strip()</arg>
<doc>Evaluates the given expression in Python and returns the result.</doc>
<status status="PASS" start="2024-10-22T17:17:59.474051" elapsed="0.001600"/>
</kw>
<kw name="Input Text" owner="SeleniumLibrary">
<msg time="2024-10-22T17:17:59.476497" level="INFO">Typing text 'Kurtis' into text field '//input[@name="first_name"]'.</msg>
<arg>${identity_txt_firstName}</arg>
<arg>${firstName}</arg>
<doc>Types the given ``text`` into the text field identified by ``locator``.</doc>
<status status="PASS" start="2024-10-22T17:17:59.475988" elapsed="0.218306"/>
</kw>
<kw name="Input Text" owner="SeleniumLibrary">
<msg time="2024-10-22T17:17:59.694968" level="INFO">Typing text 'Weissnat' into text field '//input[@name="last_name"]'.</msg>
<arg>${identity_txt_lastName}</arg>
<arg>${lastName}</arg>
<doc>Types the given ``text`` into the text field identified by ``locator``.</doc>
<status status="PASS" start="2024-10-22T17:17:59.694557" elapsed="0.294855"/>
</kw>
<kw name="Input Text" owner="SeleniumLibrary">
<msg time="2024-10-22T17:17:59.991160" level="INFO">Typing text 'Telly.Hoeger@billy.biz' into text field '//input[@name="email"]'.</msg>
<arg>${identity_txt_email}</arg>
<arg>${user['email']}</arg>
<doc>Types the given ``text`` into the text field identified by ``locator``.</doc>
<status status="PASS" start="2024-10-22T17:17:59.989865" elapsed="0.353368"/>
</kw>
<kw name="Press Key" owner="SeleniumLibrary">
<arg>${identity_date_birthday}</arg>
<arg>${user['birthday']}</arg>
<doc>Simulates user pressing key on element identified by ``locator``.</doc>
<status status="PASS" start="2024-10-22T17:18:00.343519" elapsed="0.194088"/>
</kw>
<kw name="Input Text" owner="SeleniumLibrary">
<msg time="2024-10-22T17:18:00.539069" level="INFO">Typing text 'Rex Trail' into text field '//textarea[@name="address"]'.</msg>
<arg>${identity_txt_address}</arg>
<arg>${user['address']['street']}</arg>
<doc>Types the given ``text`` into the text field identified by ``locator``.</doc>
<status status="PASS" start="2024-10-22T17:18:00.537939" elapsed="0.290426"/>
</kw>
<kw name="Input Text" owner="SeleniumLibrary">
<msg time="2024-10-22T17:18:00.830238" level="INFO">Typing text 'Howemouth' into text field '//input[@name="city"]'.</msg>
<arg>${identity_txt_city}</arg>
<arg>${user['address']['city']}</arg>
<doc>Types the given ``text`` into the text field identified by ``locator``.</doc>
<status status="PASS" start="2024-10-22T17:18:00.828833" elapsed="0.274210"/>
</kw>
<kw name="Input Text" owner="SeleniumLibrary">
<msg time="2024-10-22T17:18:01.105553" level="INFO">Typing text 'Rex Trail' into text field '//input[@name="stateAbbr"]'.</msg>
<arg>${identity_txt_stateAbbr}</arg>
<arg>${user['address']['street']}</arg>
<doc>Types the given ``text`` into the text field identified by ``locator``.</doc>
<status status="PASS" start="2024-10-22T17:18:01.103349" elapsed="0.313264"/>
</kw>
<kw name="Input Text" owner="SeleniumLibrary">
<msg time="2024-10-22T17:18:01.419317" level="INFO">Typing text '58804-1099' into text field '//input[@name="zipcode"]'.</msg>
<arg>${identity_txt_zipcode}</arg>
<arg>${user['address']['zipcode']}</arg>
<doc>Types the given ``text`` into the text field identified by ``locator``.</doc>
<status status="PASS" start="2024-10-22T17:18:01.418126" elapsed="0.282757"/>
</kw>
<kw name="Input Text" owner="SeleniumLibrary">
<msg time="2024-10-22T17:18:01.702423" level="INFO">Typing text '210.067.6132' into text field '//input[@name="password"]'.</msg>
<arg>${identity_txt_password}</arg>
<arg>${user['phone']}</arg>
<doc>Types the given ``text`` into the text field identified by ``locator``.</doc>
<status status="PASS" start="2024-10-22T17:18:01.701217" elapsed="0.319884"/>
</kw>
<kw name="Input Text" owner="SeleniumLibrary">
<msg time="2024-10-22T17:18:02.022805" level="INFO">Typing text '210.067.6132' into text field '//input[@name="confirm_password"]'.</msg>
<arg>${identity_txt_confirm_password}</arg>
<arg>${user['phone']}</arg>
<doc>Types the given ``text`` into the text field identified by ``locator``.</doc>
<status status="PASS" start="2024-10-22T17:18:02.021415" elapsed="0.356496"/>
</kw>
<kw name="Click Element" owner="SeleniumLibrary">
<msg time="2024-10-22T17:18:02.378587" level="INFO">Clicking element '//button[@type="submit"]'.</msg>
<arg>//button[@type="submit"]</arg>
<doc>Click the element identified by ``locator``.</doc>
<status status="PASS" start="2024-10-22T17:18:02.378231" elapsed="0.199663"/>
</kw>
<kw name="Sleep" owner="BuiltIn">
<msg time="2024-10-22T17:18:05.579183" level="INFO">Slept 3 seconds.</msg>
<arg>3s</arg>
<doc>Pauses the test executed for the given time.</doc>
<status status="PASS" start="2024-10-22T17:18:02.578249" elapsed="3.001202"/>
</kw>
<arg>${user}</arg>
<status status="PASS" start="2024-10-22T17:17:59.419927" elapsed="6.159831"/>
</kw>
<kw name="Go To Link">
<kw name="Click Element" owner="SeleniumLibrary">
<msg time="2024-10-22T17:18:05.581456" level="INFO">Clicking element '//a[text()="Customers"]'.</msg>
<arg>//a[text()="${text}"]</arg>
<doc>Click the element identified by ``locator``.</doc>
<status status="PASS" start="2024-10-22T17:18:05.580916" elapsed="0.501913"/>
</kw>
<kw name="Wait Until Element Is Visible" owner="SeleniumLibrary">
<arg>//tbody/tr[last()]</arg>
<doc>Waits until the element ``locator`` is visible.</doc>
<status status="PASS" start="2024-10-22T17:18:06.083316" elapsed="0.111456"/>
</kw>
<arg>Customers</arg>
<status status="PASS" start="2024-10-22T17:18:05.580206" elapsed="0.614753"/>
</kw>
<var name="${user}">{'id': 7, 'name': 'Kurtis Weissnat', 'username': 'Elwyn.Skiles', 'email': 'Telly.Hoeger@billy.biz', 'address': {'street': 'Rex Trail', 'suite': 'Suite 280', 'city': 'Howemouth', 'zipcode': '58804-1099...</var>
<status status="PASS" start="2024-10-22T17:17:55.841844" elapsed="10.353217"/>
</iter>
<iter>
<kw name="Open Add Identity Modal">
<kw name="Click Element" owner="SeleniumLibrary">
<msg time="2024-10-22T17:18:06.196285" level="INFO">Clicking element '//a[@aria-label="Create"]'.</msg>
<arg>//a[@aria-label="Create"]</arg>
<doc>Click the element identified by ``locator``.</doc>
<status status="PASS" start="2024-10-22T17:18:06.196004" elapsed="0.649432"/>
</kw>
<kw name="Sleep" owner="BuiltIn">
<msg time="2024-10-22T17:18:09.846174" level="INFO">Slept 3 seconds.</msg>
<arg>3s</arg>
<doc>Pauses the test executed for the given time.</doc>
<status status="PASS" start="2024-10-22T17:18:06.845722" elapsed="3.000711"/>
</kw>
<status status="PASS" start="2024-10-22T17:18:06.195546" elapsed="3.651243"/>
</kw>
<kw name="Add User">
<kw name="Wait Until Element Is Visible" owner="SeleniumLibrary">
<arg>${identity_txt_firstName}</arg>
<doc>Waits until the element ``locator`` is visible.</doc>
<status status="PASS" start="2024-10-22T17:18:09.848291" elapsed="0.057197"/>
</kw>
<kw name="Evaluate" owner="BuiltIn">
<msg time="2024-10-22T17:18:09.907609" level="INFO">${firstName} = Nicholas Runolfsdottir</msg>
<var>${firstName}</var>
<arg>" ".join("${user['name']}".split()[:-1]).strip()</arg>
<doc>Evaluates the given expression in Python and returns the result.</doc>
<status status="PASS" start="2024-10-22T17:18:09.906307" elapsed="0.001384"/>
</kw>
<kw name="Evaluate" owner="BuiltIn">
<msg time="2024-10-22T17:18:09.908943" level="INFO">${lastName} = V</msg>
<var>${lastName}</var>
<arg>" ".join("${user['name']}".split()[-1:]).strip()</arg>
<doc>Evaluates the given expression in Python and returns the result.</doc>
<status status="PASS" start="2024-10-22T17:18:09.907943" elapsed="0.001060"/>
</kw>
<kw name="Input Text" owner="SeleniumLibrary">
<msg time="2024-10-22T17:18:09.909586" level="INFO">Typing text 'Nicholas Runolfsdottir' into text field '//input[@name="first_name"]'.</msg>
<arg>${identity_txt_firstName}</arg>
<arg>${firstName}</arg>
<doc>Types the given ``text`` into the text field identified by ``locator``.</doc>
<status status="PASS" start="2024-10-22T17:18:09.909229" elapsed="0.378822"/>
</kw>
<kw name="Input Text" owner="SeleniumLibrary">
<msg time="2024-10-22T17:18:10.288765" level="INFO">Typing text 'V' into text field '//input[@name="last_name"]'.</msg>
<arg>${identity_txt_lastName}</arg>
<arg>${lastName}</arg>
<doc>Types the given ``text`` into the text field identified by ``locator``.</doc>
<status status="PASS" start="2024-10-22T17:18:10.288351" elapsed="0.215415"/>
</kw>
<kw name="Input Text" owner="SeleniumLibrary">
<msg time="2024-10-22T17:18:10.505926" level="INFO">Typing text 'Sherwood@rosamond.me' into text field '//input[@name="email"]'.</msg>
<arg>${identity_txt_email}</arg>
<arg>${user['email']}</arg>
<doc>Types the given ``text`` into the text field identified by ``locator``.</doc>
<status status="PASS" start="2024-10-22T17:18:10.504093" elapsed="0.341670"/>
</kw>
<kw name="Press Key" owner="SeleniumLibrary">
<arg>${identity_date_birthday}</arg>
<arg>${user['birthday']}</arg>
<doc>Simulates user pressing key on element identified by ``locator``.</doc>
<status status="PASS" start="2024-10-22T17:18:10.846036" elapsed="0.174385"/>
</kw>
<kw name="Input Text" owner="SeleniumLibrary">
<msg time="2024-10-22T17:18:11.024671" level="INFO">Typing text 'Ellsworth Summit' into text field '//textarea[@name="address"]'.</msg>
<arg>${identity_txt_address}</arg>
<arg>${user['address']['street']}</arg>
<doc>Types the given ``text`` into the text field identified by ``locator``.</doc>
<status status="PASS" start="2024-10-22T17:18:11.022559" elapsed="0.354135"/>
</kw>
<kw name="Input Text" owner="SeleniumLibrary">
<msg time="2024-10-22T17:18:11.377955" level="INFO">Typing text 'Aliyaview' into text field '//input[@name="city"]'.</msg>
<arg>${identity_txt_city}</arg>
<arg>${user['address']['city']}</arg>
<doc>Types the given ``text`` into the text field identified by ``locator``.</doc>
<status status="PASS" start="2024-10-22T17:18:11.376967" elapsed="0.275124"/>
</kw>
<kw name="Input Text" owner="SeleniumLibrary">
<msg time="2024-10-22T17:18:11.654882" level="INFO">Typing text 'Ellsworth Summit' into text field '//input[@name="stateAbbr"]'.</msg>
<arg>${identity_txt_stateAbbr}</arg>
<arg>${user['address']['street']}</arg>
<doc>Types the given ``text`` into the text field identified by ``locator``.</doc>
<status status="PASS" start="2024-10-22T17:18:11.652825" elapsed="0.311716"/>
</kw>
<kw name="Input Text" owner="SeleniumLibrary">
<msg time="2024-10-22T17:18:11.972020" level="INFO">Typing text '45169' into text field '//input[@name="zipcode"]'.</msg>
<arg>${identity_txt_zipcode}</arg>
<arg>${user['address']['zipcode']}</arg>
<doc>Types the given ``text`` into the text field identified by ``locator``.</doc>
<status status="PASS" start="2024-10-22T17:18:11.966779" elapsed="0.259606"/>
</kw>
<kw name="Input Text" owner="SeleniumLibrary">
<msg time="2024-10-22T17:18:12.227720" level="INFO">Typing text '586.493.6943 x140' into text field '//input[@name="password"]'.</msg>
<arg>${identity_txt_password}</arg>
<arg>${user['phone']}</arg>
<doc>Types the given ``text`` into the text field identified by ``locator``.</doc>
<status status="PASS" start="2024-10-22T17:18:12.226698" elapsed="0.336205"/>
</kw>
<kw name="Input Text" owner="SeleniumLibrary">
<msg time="2024-10-22T17:18:12.564247" level="INFO">Typing text '586.493.6943 x140' into text field '//input[@name="confirm_password"]'.</msg>
<arg>${identity_txt_confirm_password}</arg>
<arg>${user['phone']}</arg>
<doc>Types the given ``text`` into the text field identified by ``locator``.</doc>
<status status="PASS" start="2024-10-22T17:18:12.563221" elapsed="0.389255"/>
</kw>
<kw name="Click Element" owner="SeleniumLibrary">
<msg time="2024-10-22T17:18:12.954039" level="INFO">Clicking element '//button[@type="submit"]'.</msg>
<arg>//button[@type="submit"]</arg>
<doc>Click the element identified by ``locator``.</doc>
<status status="PASS" start="2024-10-22T17:18:12.952866" elapsed="0.167222"/>
</kw>
<kw name="Sleep" owner="BuiltIn">
<msg time="2024-10-22T17:18:16.120990" level="INFO">Slept 3 seconds.</msg>
<arg>3s</arg>
<doc>Pauses the test executed for the given time.</doc>
<status status="PASS" start="2024-10-22T17:18:13.120379" elapsed="3.000805"/>
</kw>
<arg>${user}</arg>
<status status="PASS" start="2024-10-22T17:18:09.847431" elapsed="6.273989"/>
</kw>
<kw name="Go To Link">
<kw name="Click Element" owner="SeleniumLibrary">
<msg time="2024-10-22T17:18:16.123199" level="INFO">Clicking element '//a[text()="Customers"]'.</msg>
<arg>//a[text()="${text}"]</arg>
<doc>Click the element identified by ``locator``.</doc>
<status status="PASS" start="2024-10-22T17:18:16.122344" elapsed="0.467662"/>
</kw>
<kw name="Wait Until Element Is Visible" owner="SeleniumLibrary">
<arg>//tbody/tr[last()]</arg>
<doc>Waits until the element ``locator`` is visible.</doc>
<status status="PASS" start="2024-10-22T17:18:16.590415" elapsed="0.074320"/>
</kw>
<arg>Customers</arg>
<status status="PASS" start="2024-10-22T17:18:16.121772" elapsed="0.543179"/>
</kw>
<var name="${user}">{'id': 8, 'name': 'Nicholas Runolfsdottir V', 'username': 'Maxime_Nienow', 'email': 'Sherwood@rosamond.me', 'address': {'street': 'Ellsworth Summit', 'suite': 'Suite 729', 'city': 'Aliyaview', 'zipcod...</var>
<status status="PASS" start="2024-10-22T17:18:06.195321" elapsed="10.469725"/>
</iter>
<iter>
<kw name="Open Add Identity Modal">
<kw name="Click Element" owner="SeleniumLibrary">
<msg time="2024-10-22T17:18:16.667856" level="INFO">Clicking element '//a[@aria-label="Create"]'.</msg>
<arg>//a[@aria-label="Create"]</arg>
<doc>Click the element identified by ``locator``.</doc>
<status status="PASS" start="2024-10-22T17:18:16.667472" elapsed="0.272736"/>
</kw>
<kw name="Sleep" owner="BuiltIn">
<msg time="2024-10-22T17:18:19.940965" level="INFO">Slept 3 seconds.</msg>
<arg>3s</arg>
<doc>Pauses the test executed for the given time.</doc>
<status status="PASS" start="2024-10-22T17:18:16.940496" elapsed="3.000682"/>
</kw>
<status status="PASS" start="2024-10-22T17:18:16.666822" elapsed="3.274585"/>
</kw>
<kw name="Add User">
<kw name="Wait Until Element Is Visible" owner="SeleniumLibrary">
<arg>${identity_txt_firstName}</arg>
<doc>Waits until the element ``locator`` is visible.</doc>
<status status="PASS" start="2024-10-22T17:18:19.942569" elapsed="0.040896"/>
</kw>
<kw name="Evaluate" owner="BuiltIn">
<msg time="2024-10-22T17:18:19.985036" level="INFO">${firstName} = Glenna</msg>
<var>${firstName}</var>
<arg>" ".join("${user['name']}".split()[:-1]).strip()</arg>
<doc>Evaluates the given expression in Python and returns the result.</doc>
<status status="PASS" start="2024-10-22T17:18:19.983806" elapsed="0.001301"/>
</kw>
<kw name="Evaluate" owner="BuiltIn">
<msg time="2024-10-22T17:18:19.986513" level="INFO">${lastName} = Reichert</msg>
<var>${lastName}</var>
<arg>" ".join("${user['name']}".split()[-1:]).strip()</arg>
<doc>Evaluates the given expression in Python and returns the result.</doc>
<status status="PASS" start="2024-10-22T17:18:19.985378" elapsed="0.001222"/>
</kw>
<kw name="Input Text" owner="SeleniumLibrary">
<msg time="2024-10-22T17:18:19.987358" level="INFO">Typing text 'Glenna' into text field '//input[@name="first_name"]'.</msg>
<arg>${identity_txt_firstName}</arg>
<arg>${firstName}</arg>
<doc>Types the given ``text`` into the text field identified by ``locator``.</doc>
<status status="PASS" start="2024-10-22T17:18:19.986924" elapsed="0.225023"/>
</kw>
<kw name="Input Text" owner="SeleniumLibrary">
<msg time="2024-10-22T17:18:20.213091" level="INFO">Typing text 'Reichert' into text field '//input[@name="last_name"]'.</msg>
<arg>${identity_txt_lastName}</arg>
<arg>${lastName}</arg>
<doc>Types the given ``text`` into the text field identified by ``locator``.</doc>
<status status="PASS" start="2024-10-22T17:18:20.212409" elapsed="0.350778"/>
</kw>
<kw name="Input Text" owner="SeleniumLibrary">
<msg time="2024-10-22T17:18:20.564755" level="INFO">Typing text 'Chaim_McDermott@dana.io' into text field '//input[@name="email"]'.</msg>
<arg>${identity_txt_email}</arg>
<arg>${user['email']}</arg>
<doc>Types the given ``text`` into the text field identified by ``locator``.</doc>
<status status="PASS" start="2024-10-22T17:18:20.563460" elapsed="0.352199"/>
</kw>
<kw name="Press Key" owner="SeleniumLibrary">
<arg>${identity_date_birthday}</arg>
<arg>${user['birthday']}</arg>
<doc>Simulates user pressing key on element identified by ``locator``.</doc>
<status status="PASS" start="2024-10-22T17:18:20.915989" elapsed="0.176376"/>
</kw>
<kw name="Input Text" owner="SeleniumLibrary">
<msg time="2024-10-22T17:18:21.093816" level="INFO">Typing text 'Dayna Park' into text field '//textarea[@name="address"]'.</msg>
<arg>${identity_txt_address}</arg>
<arg>${user['address']['street']}</arg>
<doc>Types the given ``text`` into the text field identified by ``locator``.</doc>
<status status="PASS" start="2024-10-22T17:18:21.092720" elapsed="0.334613"/>
</kw>
<kw name="Input Text" owner="SeleniumLibrary">
<msg time="2024-10-22T17:18:21.429782" level="INFO">Typing text 'Bartholomebury' into text field '//input[@name="city"]'.</msg>
<arg>${identity_txt_city}</arg>
<arg>${user['address']['city']}</arg>
<doc>Types the given ``text`` into the text field identified by ``locator``.</doc>
<status status="PASS" start="2024-10-22T17:18:21.428526" elapsed="0.311738"/>
</kw>
<kw name="Input Text" owner="SeleniumLibrary">
<msg time="2024-10-22T17:18:21.741587" level="INFO">Typing text 'Dayna Park' into text field '//input[@name="stateAbbr"]'.</msg>
<arg>${identity_txt_stateAbbr}</arg>
<arg>${user['address']['street']}</arg>
<doc>Types the given ``text`` into the text field identified by ``locator``.</doc>
<status status="PASS" start="2024-10-22T17:18:21.740592" elapsed="0.316080"/>
</kw>
<kw name="Input Text" owner="SeleniumLibrary">
<msg time="2024-10-22T17:18:22.059084" level="INFO">Typing text '76495-3109' into text field '//input[@name="zipcode"]'.</msg>
<arg>${identity_txt_zipcode}</arg>
<arg>${user['address']['zipcode']}</arg>
<doc>Types the given ``text`` into the text field identified by ``locator``.</doc>
<status status="PASS" start="2024-10-22T17:18:22.056987" elapsed="0.285388"/>
</kw>
<kw name="Input Text" owner="SeleniumLibrary">
<msg time="2024-10-22T17:18:22.343999" level="INFO">Typing text '(775)976-6794 x41206' into text field '//input[@name="password"]'.</msg>
<arg>${identity_txt_password}</arg>
<arg>${user['phone']}</arg>
<doc>Types the given ``text`` into the text field identified by ``locator``.</doc>
<status status="PASS" start="2024-10-22T17:18:22.342830" elapsed="0.358507"/>
</kw>
<kw name="Input Text" owner="SeleniumLibrary">
<msg time="2024-10-22T17:18:22.702866" level="INFO">Typing text '(775)976-6794 x41206' into text field '//input[@name="confirm_password"]'.</msg>
<arg>${identity_txt_confirm_password}</arg>
<arg>${user['phone']}</arg>
<doc>Types the given ``text`` into the text field identified by ``locator``.</doc>
<status status="PASS" start="2024-10-22T17:18:22.701613" elapsed="0.336833"/>
</kw>
<kw name="Click Element" owner="SeleniumLibrary">
<msg time="2024-10-22T17:18:23.040342" level="INFO">Clicking element '//button[@type="submit"]'.</msg>
<arg>//button[@type="submit"]</arg>
<doc>Click the element identified by ``locator``.</doc>
<status status="PASS" start="2024-10-22T17:18:23.039573" elapsed="0.155681"/>
</kw>
<kw name="Sleep" owner="BuiltIn">
<msg time="2024-10-22T17:18:26.196040" level="INFO">Slept 3 seconds.</msg>
<arg>3s</arg>
<doc>Pauses the test executed for the given time.</doc>
<status status="PASS" start="2024-10-22T17:18:23.195540" elapsed="3.000725"/>
</kw>
<arg>${user}</arg>
<status status="PASS" start="2024-10-22T17:18:19.941887" elapsed="6.254623"/>
</kw>
<kw name="Go To Link">
<kw name="Click Element" owner="SeleniumLibrary">
<msg time="2024-10-22T17:18:26.198157" level="INFO">Clicking element '//a[text()="Customers"]'.</msg>
<arg>//a[text()="${text}"]</arg>
<doc>Click the element identified by ``locator``.</doc>
<status status="PASS" start="2024-10-22T17:18:26.197684" elapsed="0.485907"/>
</kw>
<kw name="Wait Until Element Is Visible" owner="SeleniumLibrary">
<arg>//tbody/tr[last()]</arg>
<doc>Waits until the element ``locator`` is visible.</doc>
<status status="PASS" start="2024-10-22T17:18:26.683913" elapsed="0.063299"/>
</kw>
<arg>Customers</arg>
<status status="PASS" start="2024-10-22T17:18:26.196988" elapsed="0.550438"/>
</kw>
<var name="${user}">{'id': 9, 'name': 'Glenna Reichert', 'username': 'Delphine', 'email': 'Chaim_McDermott@dana.io', 'address': {'street': 'Dayna Park', 'suite': 'Suite 449', 'city': 'Bartholomebury', 'zipcode': '76495-3...</var>
<status status="PASS" start="2024-10-22T17:18:16.666173" elapsed="10.081346"/>
</iter>
<iter>
<kw name="Open Add Identity Modal">
<kw name="Click Element" owner="SeleniumLibrary">
<msg time="2024-10-22T17:18:26.749371" level="INFO">Clicking element '//a[@aria-label="Create"]'.</msg>
<arg>//a[@aria-label="Create"]</arg>
<doc>Click the element identified by ``locator``.</doc>
<status status="PASS" start="2024-10-22T17:18:26.748987" elapsed="0.275951"/>
</kw>
<kw name="Sleep" owner="BuiltIn">
<msg time="2024-10-22T17:18:30.025750" level="INFO">Slept 3 seconds.</msg>
<arg>3s</arg>
<doc>Pauses the test executed for the given time.</doc>
<status status="PASS" start="2024-10-22T17:18:27.025210" elapsed="3.000833"/>
</kw>
<status status="PASS" start="2024-10-22T17:18:26.748183" elapsed="3.278145"/>
</kw>
<kw name="Add User">
<kw name="Wait Until Element Is Visible" owner="SeleniumLibrary">
<arg>${identity_txt_firstName}</arg>
<doc>Waits until the element ``locator`` is visible.</doc>
<status status="PASS" start="2024-10-22T17:18:30.027555" elapsed="0.044531"/>
</kw>
<kw name="Evaluate" owner="BuiltIn">
<msg time="2024-10-22T17:18:30.073953" level="INFO">${firstName} = Clementina</msg>
<var>${firstName}</var>
<arg>" ".join("${user['name']}".split()[:-1]).strip()</arg>
<doc>Evaluates the given expression in Python and returns the result.</doc>
<status status="PASS" start="2024-10-22T17:18:30.072426" elapsed="0.001614"/>
</kw>
<kw name="Evaluate" owner="BuiltIn">
<msg time="2024-10-22T17:18:30.075664" level="INFO">${lastName} = DuBuque</msg>
<var>${lastName}</var>
<arg>" ".join("${user['name']}".split()[-1:]).strip()</arg>
<doc>Evaluates the given expression in Python and returns the result.</doc>
<status status="PASS" start="2024-10-22T17:18:30.074363" elapsed="0.001413"/>
</kw>
<kw name="Input Text" owner="SeleniumLibrary">
<msg time="2024-10-22T17:18:30.076649" level="INFO">Typing text 'Clementina' into text field '//input[@name="first_name"]'.</msg>
<arg>${identity_txt_firstName}</arg>
<arg>${firstName}</arg>
<doc>Types the given ``text`` into the text field identified by ``locator``.</doc>
<status status="PASS" start="2024-10-22T17:18:30.076130" elapsed="0.234948"/>
</kw>
<kw name="Input Text" owner="SeleniumLibrary">
<msg time="2024-10-22T17:18:30.311749" level="INFO">Typing text 'DuBuque' into text field '//input[@name="last_name"]'.</msg>
<arg>${identity_txt_lastName}</arg>
<arg>${lastName}</arg>
<doc>Types the given ``text`` into the text field identified by ``locator``.</doc>
<status status="PASS" start="2024-10-22T17:18:30.311348" elapsed="0.264769"/>
</kw>
<kw name="Input Text" owner="SeleniumLibrary">
<msg time="2024-10-22T17:18:30.577557" level="INFO">Typing text 'Rey.Padberg@karina.biz' into text field '//input[@name="email"]'.</msg>
<arg>${identity_txt_email}</arg>
<arg>${user['email']}</arg>
<doc>Types the given ``text`` into the text field identified by ``locator``.</doc>
<status status="PASS" start="2024-10-22T17:18:30.576423" elapsed="0.364817"/>
</kw>
<kw name="Press Key" owner="SeleniumLibrary">
<arg>${identity_date_birthday}</arg>
<arg>${user['birthday']}</arg>
<doc>Simulates user pressing key on element identified by ``locator``.</doc>
<status status="PASS" start="2024-10-22T17:18:30.941560" elapsed="0.313917"/>
</kw>
<kw name="Input Text" owner="SeleniumLibrary">
<msg time="2024-10-22T17:18:31.257539" level="INFO">Typing text 'Kattie Turnpike' into text field '//textarea[@name="address"]'.</msg>
<arg>${identity_txt_address}</arg>
<arg>${user['address']['street']}</arg>
<doc>Types the given ``text`` into the text field identified by ``locator``.</doc>
<status status="PASS" start="2024-10-22T17:18:31.256284" elapsed="0.303949"/>
</kw>
<kw name="Input Text" owner="SeleniumLibrary">
<msg time="2024-10-22T17:18:31.561711" level="INFO">Typing text 'Lebsackbury' into text field '//input[@name="city"]'.</msg>
<arg>${identity_txt_city}</arg>
<arg>${user['address']['city']}</arg>
<doc>Types the given ``text`` into the text field identified by ``locator``.</doc>
<status status="PASS" start="2024-10-22T17:18:31.560587" elapsed="0.313342"/>
</kw>
<kw name="Input Text" owner="SeleniumLibrary">
<msg time="2024-10-22T17:18:31.875257" level="INFO">Typing text 'Kattie Turnpike' into text field '//input[@name="stateAbbr"]'.</msg>
<arg>${identity_txt_stateAbbr}</arg>
<arg>${user['address']['street']}</arg>
[...]
<arg>Orders : ${orders}</arg>
<doc>Logs the given message to the console.</doc>
<status status="PASS" start="2024-10-22T17:18:46.724477" elapsed="0.000615"/>
</kw>
<kw name="Log To Console" owner="BuiltIn">
<arg>Total Spent : ${total_spent}</arg>
<doc>Logs the given message to the console.</doc>
<status status="PASS" start="2024-10-22T17:18:46.725329" elapsed="0.000627"/>
</kw>
<kw name="Log To Console" owner="BuiltIn">
<arg>Latest Purchase : ${lastest_purchase}</arg>
<doc>Logs the given message to the console.</doc>
<status status="PASS" start="2024-10-22T17:18:46.726190" elapsed="0.000578"/>
</kw>
<kw name="Log To Console" owner="BuiltIn">
<arg>News : ${news}</arg>
<doc>Logs the given message to the console.</doc>
<status status="PASS" start="2024-10-22T17:18:46.727047" elapsed="0.000325"/>
</kw>
<kw name="Log To Console" owner="BuiltIn">
<arg>Segment : ${segment}</arg>
<doc>Logs the given message to the console.</doc>
<status status="PASS" start="2024-10-22T17:18:46.727585" elapsed="0.000318"/>
</kw>
<kw name="Log To Console" owner="BuiltIn">
<arg>------------------------------</arg>
<doc>Logs the given message to the console.</doc>
<status status="PASS" start="2024-10-22T17:18:46.728142" elapsed="0.000281"/>
</kw>
<var name="${i}">22</var>
<status status="PASS" start="2024-10-22T17:18:46.421663" elapsed="0.306871"/>
</iter>
<iter>
<if>
<branch type="IF" condition="${i} == 0">
<kw name="Log To Console" owner="BuiltIn">
<arg>--------------------------------------</arg>
<doc>Logs the given message to the console.</doc>
<status status="NOT RUN" start="2024-10-22T17:18:46.729779" elapsed="0.000081"/>
</kw>
<kw name="Log To Console" owner="BuiltIn">
<arg>All Created Users Are Displayed</arg>
<doc>Logs the given message to the console.</doc>
<status status="NOT RUN" start="2024-10-22T17:18:46.730063" elapsed="0.000051"/>
</kw>
<kw name="Log To Console" owner="BuiltIn">
<arg>--------------------------------------</arg>
<doc>Logs the given message to the console.</doc>
<status status="NOT RUN" start="2024-10-22T17:18:46.730269" elapsed="0.000049"/>
</kw>
<status status="NOT RUN" start="2024-10-22T17:18:46.729376" elapsed="0.001019"/>
</branch>
<status status="PASS" start="2024-10-22T17:18:46.729337" elapsed="0.001131"/>
</if>
<if>
<branch type="IF" condition="${i} &lt;= ${USER_LENGTH}">
<kw name="Set Variable" owner="BuiltIn">
<var>${header}</var>
<arg>Test Created User</arg>
<doc>Returns the given values which can then be assigned to a variables.</doc>
<status status="NOT RUN" start="2024-10-22T17:18:46.730967" elapsed="0.001460"/>
</kw>
<status status="NOT RUN" start="2024-10-22T17:18:46.730589" elapsed="0.001956"/>
</branch>
<branch type="ELSE">
<kw name="Set Variable" owner="BuiltIn">
<msg time="2024-10-22T17:18:46.733160" level="INFO">${header} = Existing User</msg>
<var>${header}</var>
<arg>Existing User</arg>
<doc>Returns the given values which can then be assigned to a variables.</doc>
<status status="PASS" start="2024-10-22T17:18:46.732869" elapsed="0.000358"/>
</kw>
<status status="PASS" start="2024-10-22T17:18:46.732620" elapsed="0.000698"/>
</branch>
<status status="PASS" start="2024-10-22T17:18:46.730546" elapsed="0.002840"/>
</if>
<kw name="Get Text" owner="SeleniumLibrary">
<msg time="2024-10-22T17:18:46.780472" level="INFO">${last_seen} = 10/21/2024</msg>
<var>${last_seen}</var>
<arg>//tbody//tr[${i+1}]//td[3]</arg>
<doc>Returns the text value of the element identified by ``locator``.</doc>
<status status="PASS" start="2024-10-22T17:18:46.733567" elapsed="0.046974"/>
</kw>
<kw name="Get Text" owner="SeleniumLibrary">
<msg time="2024-10-22T17:18:46.822229" level="INFO">${orders} = 4</msg>
<var>${orders}</var>
<arg>//tbody//tr[${i+1}]//td[4]</arg>
<doc>Returns the text value of the element identified by ``locator``.</doc>
<status status="PASS" start="2024-10-22T17:18:46.780859" elapsed="0.041456"/>
</kw>
<kw name="Get Text" owner="SeleniumLibrary">
<msg time="2024-10-22T17:18:46.869911" level="INFO">${total_spent} = $1,509.12</msg>
<var>${total_spent}</var>
<arg>//tbody//tr[${i+1}]//td[5]</arg>
<doc>Returns the text value of the element identified by ``locator``.</doc>
<status status="PASS" start="2024-10-22T17:18:46.822693" elapsed="0.047297"/>
</kw>
<kw name="Get Text" owner="SeleniumLibrary">
<msg time="2024-10-22T17:18:46.942227" level="INFO">${lastest_purchase} = 9/6/2024, 3:29:10 PM</msg>
<var>${lastest_purchase}</var>
<arg>//tbody//tr[${i+1}]//td[6]</arg>
<doc>Returns the text value of the element identified by ``locator``.</doc>
<status status="PASS" start="2024-10-22T17:18:46.870268" elapsed="0.072029"/>
</kw>
<kw name="Get Text" owner="SeleniumLibrary">
<msg time="2024-10-22T17:18:47.034391" level="INFO">${news} = </msg>
<var>${news}</var>
<arg>//tbody//tr[${i+1}]//td[7]</arg>
<doc>Returns the text value of the element identified by ``locator``.</doc>
<status status="PASS" start="2024-10-22T17:18:46.942567" elapsed="0.091896"/>
</kw>
<kw name="Get Text" owner="SeleniumLibrary">
<msg time="2024-10-22T17:18:47.114437" level="INFO">${segment} = Collector
Compulsive
Reviewer</msg>
<var>${segment}</var>
<arg>//tbody//tr[${i+1}]//td[8]</arg>
<doc>Returns the text value of the element identified by ``locator``.</doc>
<status status="PASS" start="2024-10-22T17:18:47.034751" elapsed="0.079754"/>
</kw>
<if>
<branch type="IF" condition="${orders} == 0">
<kw name="Append To List" owner="Collections">
<arg>${orders_list}</arg>
<arg>${NAMES_LIST}[${i}]</arg>
<doc>Adds ``values`` to the end of ``list``.</doc>
<status status="NOT RUN" start="2024-10-22T17:18:47.115130" elapsed="0.000058"/>
</kw>
<status status="NOT RUN" start="2024-10-22T17:18:47.114715" elapsed="0.000563"/>
</branch>
<status status="PASS" start="2024-10-22T17:18:47.114677" elapsed="0.000670"/>
</if>
<kw name="Set Suite Variable" owner="BuiltIn">
<msg time="2024-10-22T17:18:47.115911" level="INFO">${ORDERS_LIST} = ['Kurtis Weissnat', 'Mrs. Dennis Schulist', 'icholas Runolfsdottir V', 'Kurtis Weissnat', 'Mrs. Dennis Schulist', 'Chelsey Dietrich', 'Patricia Lebsack', 'Clementine Bauch', 'Ervin Howell', 'Leanne Gr...</msg>
<arg>${ORDERS_LIST}</arg>
<arg>${orders_list}</arg>
<doc>Makes a variable available everywhere within the scope of the current suite.</doc>
<status status="PASS" start="2024-10-22T17:18:47.115515" elapsed="0.000488"/>
</kw>
<kw name="Log To Console" owner="BuiltIn">
<arg>-------- USER ${i+1} --------</arg>
<doc>Logs the given message to the console.</doc>
<status status="PASS" start="2024-10-22T17:18:47.116300" elapsed="0.001043"/>
</kw>
<kw name="Log To Console" owner="BuiltIn">
<arg>${header} : ${NAMES_LIST}[${i}]</arg>
<doc>Logs the given message to the console.</doc>
<status status="PASS" start="2024-10-22T17:18:47.117615" elapsed="0.000460"/>
</kw>
<kw name="Log To Console" owner="BuiltIn">
<arg>Last Seen : ${last_seen}</arg>
<doc>Logs the given message to the console.</doc>
<status status="PASS" start="2024-10-22T17:18:47.118320" elapsed="0.000332"/>
</kw>
<kw name="Log To Console" owner="BuiltIn">
<arg>Orders : ${orders}</arg>
<doc>Logs the given message to the console.</doc>
<status status="PASS" start="2024-10-22T17:18:47.118867" elapsed="0.000297"/>
</kw>
<kw name="Log To Console" owner="BuiltIn">
<arg>Total Spent : ${total_spent}</arg>
<doc>Logs the given message to the console.</doc>
<status status="PASS" start="2024-10-22T17:18:47.119365" elapsed="0.000303"/>
</kw>
<kw name="Log To Console" owner="BuiltIn">
<arg>Latest Purchase : ${lastest_purchase}</arg>
<doc>Logs the given message to the console.</doc>
<status status="PASS" start="2024-10-22T17:18:47.119890" elapsed="0.000293"/>
</kw>
<kw name="Log To Console" owner="BuiltIn">
<arg>News : ${news}</arg>
<doc>Logs the given message to the console.</doc>
<status status="PASS" start="2024-10-22T17:18:47.120382" elapsed="0.000292"/>
</kw>
<kw name="Log To Console" owner="BuiltIn">
<arg>Segment : ${segment}</arg>
<doc>Logs the given message to the console.</doc>
<status status="PASS" start="2024-10-22T17:18:47.120881" elapsed="0.000289"/>
</kw>
<kw name="Log To Console" owner="BuiltIn">
<arg>------------------------------</arg>
<doc>Logs the given message to the console.</doc>
<status status="PASS" start="2024-10-22T17:18:47.121371" elapsed="0.000236"/>
</kw>
<var name="${i}">23</var>
<status status="PASS" start="2024-10-22T17:18:46.729180" elapsed="0.392534"/>
</iter>
<iter>
<if>
<branch type="IF" condition="${i} == 0">
<kw name="Log To Console" owner="BuiltIn">
<arg>--------------------------------------</arg>
<doc>Logs the given message to the console.</doc>
<status status="NOT RUN" start="2024-10-22T17:18:47.122843" elapsed="0.000082"/>
</kw>
<kw name="Log To Console" owner="BuiltIn">
<arg>All Created Users Are Displayed</arg>
<doc>Logs the given message to the console.</doc>
<status status="NOT RUN" start="2024-10-22T17:18:47.123148" elapsed="0.000054"/>
</kw>
<kw name="Log To Console" owner="BuiltIn">
<arg>--------------------------------------</arg>
<doc>Logs the given message to the console.</doc>
<status status="NOT RUN" start="2024-10-22T17:18:47.123370" elapsed="0.000049"/>
</kw>
<status status="NOT RUN" start="2024-10-22T17:18:47.122468" elapsed="0.001018"/>
</branch>
<status status="PASS" start="2024-10-22T17:18:47.122434" elapsed="0.001125"/>
</if>
<if>
<branch type="IF" condition="${i} &lt;= ${USER_LENGTH}">
<kw name="Set Variable" owner="BuiltIn">
<var>${header}</var>
<arg>Test Created User</arg>
<doc>Returns the given values which can then be assigned to a variables.</doc>
<status status="NOT RUN" start="2024-10-22T17:18:47.124167" elapsed="0.000074"/>
</kw>
<status status="NOT RUN" start="2024-10-22T17:18:47.123686" elapsed="0.000654"/>
</branch>
<branch type="ELSE">
<kw name="Set Variable" owner="BuiltIn">
<msg time="2024-10-22T17:18:47.124962" level="INFO">${header} = Existing User</msg>
<var>${header}</var>
<arg>Existing User</arg>
<doc>Returns the given values which can then be assigned to a variables.</doc>
<status status="PASS" start="2024-10-22T17:18:47.124603" elapsed="0.000412"/>
</kw>
<status status="PASS" start="2024-10-22T17:18:47.124415" elapsed="0.000693"/>
</branch>
<status status="PASS" start="2024-10-22T17:18:47.123655" elapsed="0.001521"/>
</if>
<kw name="Get Text" owner="SeleniumLibrary">
<msg time="2024-10-22T17:18:47.170363" level="INFO">${last_seen} = 10/21/2024</msg>
<var>${last_seen}</var>
<arg>//tbody//tr[${i+1}]//td[3]</arg>
<doc>Returns the text value of the element identified by ``locator``.</doc>
<status status="PASS" start="2024-10-22T17:18:47.125355" elapsed="0.045076"/>
</kw>
<kw name="Get Text" owner="SeleniumLibrary">
<msg time="2024-10-22T17:18:47.213058" level="INFO">${orders} = 0</msg>
<var>${orders}</var>
<arg>//tbody//tr[${i+1}]//td[4]</arg>
<doc>Returns the text value of the element identified by ``locator``.</doc>
<status status="PASS" start="2024-10-22T17:18:47.170718" elapsed="0.042430"/>
</kw>
<kw name="Get Text" owner="SeleniumLibrary">
<msg time="2024-10-22T17:18:47.257049" level="INFO">${total_spent} = $0.00</msg>
<var>${total_spent}</var>
<arg>//tbody//tr[${i+1}]//td[5]</arg>
<doc>Returns the text value of the element identified by ``locator``.</doc>
<status status="PASS" start="2024-10-22T17:18:47.213431" elapsed="0.043690"/>
</kw>
<kw name="Get Text" owner="SeleniumLibrary">
<msg time="2024-10-22T17:18:47.300220" level="INFO">${lastest_purchase} = </msg>
<var>${lastest_purchase}</var>
<arg>//tbody//tr[${i+1}]//td[6]</arg>
<doc>Returns the text value of the element identified by ``locator``.</doc>
<status status="PASS" start="2024-10-22T17:18:47.257433" elapsed="0.042902"/>
</kw>
<kw name="Get Text" owner="SeleniumLibrary">
<msg time="2024-10-22T17:18:47.347592" level="INFO">${news} = </msg>
<var>${news}</var>
<arg>//tbody//tr[${i+1}]//td[7]</arg>
<doc>Returns the text value of the element identified by ``locator``.</doc>
<status status="PASS" start="2024-10-22T17:18:47.300670" elapsed="0.047012"/>
</kw>
<kw name="Get Text" owner="SeleniumLibrary">
<msg time="2024-10-22T17:18:47.390833" level="INFO">${segment} = Regular</msg>
<var>${segment}</var>
<arg>//tbody//tr[${i+1}]//td[8]</arg>
<doc>Returns the text value of the element identified by ``locator``.</doc>
<status status="PASS" start="2024-10-22T17:18:47.347950" elapsed="0.042951"/>
</kw>
<if>
<branch type="IF" condition="${orders} == 0">
<kw name="Append To List" owner="Collections">
<arg>${orders_list}</arg>
<arg>${NAMES_LIST}[${i}]</arg>
<doc>Adds ``values`` to the end of ``list``.</doc>
<status status="PASS" start="2024-10-22T17:18:47.391445" elapsed="0.000372"/>
</kw>
<status status="PASS" start="2024-10-22T17:18:47.391089" elapsed="0.000829"/>
</branch>
<status status="PASS" start="2024-10-22T17:18:47.391053" elapsed="0.000942"/>
</if>
<kw name="Set Suite Variable" owner="BuiltIn">
<msg time="2024-10-22T17:18:47.392532" level="INFO">${ORDERS_LIST} = ['Kurtis Weissnat', 'Mrs. Dennis Schulist', 'icholas Runolfsdottir V', 'Kurtis Weissnat', 'Mrs. Dennis Schulist', 'Chelsey Dietrich', 'Patricia Lebsack', 'Clementine Bauch', 'Ervin Howell', 'Leanne Gr...</msg>
<arg>${ORDERS_LIST}</arg>
<arg>${orders_list}</arg>
<doc>Makes a variable available everywhere within the scope of the current suite.</doc>
<status status="PASS" start="2024-10-22T17:18:47.392174" elapsed="0.000447"/>
</kw>
<kw name="Log To Console" owner="BuiltIn">
<arg>-------- USER ${i+1} --------</arg>
<doc>Logs the given message to the console.</doc>
<status status="PASS" start="2024-10-22T17:18:47.392833" elapsed="0.000928"/>
</kw>
<kw name="Log To Console" owner="BuiltIn">
<arg>${header} : ${NAMES_LIST}[${i}]</arg>
<doc>Logs the given message to the console.</doc>
<status status="PASS" start="2024-10-22T17:18:47.394016" elapsed="0.000501"/>
</kw>
<kw name="Log To Console" owner="BuiltIn">
<arg>Last Seen : ${last_seen}</arg>
<doc>Logs the given message to the console.</doc>
<status status="PASS" start="2024-10-22T17:18:47.395175" elapsed="0.000830"/>
</kw>
<kw name="Log To Console" owner="BuiltIn">
<arg>Orders : ${orders}</arg>
<doc>Logs the given message to the console.</doc>
<status status="PASS" start="2024-10-22T17:18:47.396241" elapsed="0.000314"/>
</kw>
<kw name="Log To Console" owner="BuiltIn">
<arg>Total Spent : ${total_spent}</arg>
<doc>Logs the given message to the console.</doc>
<status status="PASS" start="2024-10-22T17:18:47.396787" elapsed="0.000307"/>
</kw>
<kw name="Log To Console" owner="BuiltIn">
<arg>Latest Purchase : ${lastest_purchase}</arg>
<doc>Logs the given message to the console.</doc>
<status status="PASS" start="2024-10-22T17:18:47.397306" elapsed="0.000298"/>
</kw>
<kw name="Log To Console" owner="BuiltIn">
<arg>News : ${news}</arg>
<doc>Logs the given message to the console.</doc>
<status status="PASS" start="2024-10-22T17:18:47.397932" elapsed="0.000336"/>
</kw>
<kw name="Log To Console" owner="BuiltIn">
<arg>Segment : ${segment}</arg>
<doc>Logs the given message to the console.</doc>
<status status="PASS" start="2024-10-22T17:18:47.398487" elapsed="0.000312"/>
</kw>
<kw name="Log To Console" owner="BuiltIn">
<arg>------------------------------</arg>
<doc>Logs the given message to the console.</doc>
<status status="PASS" start="2024-10-22T17:18:47.399151" elapsed="0.000327"/>
</kw>
<var name="${i}">24</var>
<status status="PASS" start="2024-10-22T17:18:47.122324" elapsed="0.277274"/>
</iter>
<var>${i}</var>
<value>0</value>
<value>${NAMES_LIST_LENGTH}</value>
<status status="PASS" start="2024-10-22T17:18:39.077307" elapsed="8.322419"/>
</for>
<status status="PASS" start="2024-10-22T17:18:39.075725" elapsed="8.324221"/>
</kw>
<status status="PASS" start="2024-10-22T17:16:28.386739" elapsed="139.013519"/>
</test>
<test id="s1-t2" name="My Second Test Case" line="26">
<kw name="Check Orders List Count">
<kw name="Get Length" owner="BuiltIn">
<msg time="2024-10-22T17:18:47.403491" level="INFO">Length is 22.</msg>
<msg time="2024-10-22T17:18:47.403655" level="INFO">${zero_orders_count} = 22</msg>
<var>${zero_orders_count}</var>
<arg>${ORDERS_LIST}</arg>
<doc>Returns and logs the length of the given item as an integer.</doc>
<status status="PASS" start="2024-10-22T17:18:47.402292" elapsed="0.001412"/>
</kw>
<if>
<branch type="IF" condition="${zero_orders_count} &gt;= 1">
<kw name="Fail" owner="BuiltIn">
<msg time="2024-10-22T17:18:47.404647" level="FAIL">Users with zero orders found: ['Kurtis Weissnat', 'Mrs. Dennis Schulist', 'icholas Runolfsdottir V', 'Kurtis Weissnat', 'Mrs. Dennis Schulist', 'Chelsey Dietrich', 'Patricia Lebsack', 'Clementine Bauch', 'Ervin Howell', 'Leanne Graham', 'Sandy Effertz', 'Chadrick Dare', 'Nichole Rolfson', 'Turner Kassulke', 'Tyrese Monahan', 'Candace Wiza', 'Armand Leuschke', 'Winifred Windler', 'Quentin DuBuque', 'Marcelina Hoppe', 'Hollis Kling', 'Elmira Leannon']</msg>
<arg>Users with zero orders found: ${ORDERS_LIST}</arg>
<doc>Fails the test with the given message and optionally alters its tags.</doc>
<status status="FAIL" start="2024-10-22T17:18:47.404192" elapsed="0.000708">Users with zero orders found: ['Kurtis Weissnat', 'Mrs. Dennis Schulist', 'icholas Runolfsdottir V', 'Kurtis Weissnat', 'Mrs. Dennis Schulist', 'Chelsey Dietrich', 'Patricia Lebsack', 'Clementine Bauch', 'Ervin Howell', 'Leanne Graham', 'Sandy Effertz', 'Chadrick Dare', 'Nichole Rolfson', 'Turner Kassulke', 'Tyrese Monahan', 'Candace Wiza', 'Armand Leuschke', 'Winifred Windler', 'Quentin DuBuque', 'Marcelina Hoppe', 'Hollis Kling', 'Elmira Leannon']</status>
</kw>
<status status="FAIL" start="2024-10-22T17:18:47.403873" elapsed="0.001196">Users with zero orders found: ['Kurtis Weissnat', 'Mrs. Dennis Schulist', 'icholas Runolfsdottir V', 'Kurtis Weissnat', 'Mrs. Dennis Schulist', 'Chelsey Dietrich', 'Patricia Lebsack', 'Clementine Bauch', 'Ervin Howell', 'Leanne Graham', 'Sandy Effertz', 'Chadrick Dare', 'Nichole Rolfson', 'Turner Kassulke', 'Tyrese Monahan', 'Candace Wiza', 'Armand Leuschke', 'Winifred Windler', 'Quentin DuBuque', 'Marcelina Hoppe', 'Hollis Kling', 'Elmira Leannon']</status>
</branch>
<status status="FAIL" start="2024-10-22T17:18:47.403837" elapsed="0.001325">Users with zero orders found: ['Kurtis Weissnat', 'Mrs. Dennis Schulist', 'icholas Runolfsdottir V', 'Kurtis Weissnat', 'Mrs. Dennis Schulist', 'Chelsey Dietrich', 'Patricia Lebsack', 'Clementine Bauch', 'Ervin Howell', 'Leanne Graham', 'Sandy Effertz', 'Chadrick Dare', 'Nichole Rolfson', 'Turner Kassulke', 'Tyrese Monahan', 'Candace Wiza', 'Armand Leuschke', 'Winifred Windler', 'Quentin DuBuque', 'Marcelina Hoppe', 'Hollis Kling', 'Elmira Leannon']</status>
</if>
<status status="FAIL" start="2024-10-22T17:18:47.401501" elapsed="0.003848">Users with zero orders found: ['Kurtis Weissnat', 'Mrs. Dennis Schulist', 'icholas Runolfsdottir V', 'Kurtis Weissnat', 'Mrs. Dennis Schulist', 'Chelsey Dietrich', 'Patricia Lebsack', 'Clementine Bauch', 'Ervin Howell', 'Leanne Graham', 'Sandy Effertz', 'Chadrick Dare', 'Nichole Rolfson', 'Turner Kassulke', 'Tyrese Monahan', 'Candace Wiza', 'Armand Leuschke', 'Winifred Windler', 'Quentin DuBuque', 'Marcelina Hoppe', 'Hollis Kling', 'Elmira Leannon']</status>
</kw>
<status status="FAIL" start="2024-10-22T17:18:47.400776" elapsed="0.004930">Users with zero orders found: ['Kurtis Weissnat', 'Mrs. Dennis Schulist', 'icholas Runolfsdottir V', 'Kurtis Weissnat', 'Mrs. Dennis Schulist', 'Chelsey Dietrich', 'Patricia Lebsack', 'Clementine Bauch', 'Ervin Howell', 'Leanne Graham', 'Sandy Effertz', 'Chadrick Dare', 'Nichole Rolfson', 'Turner Kassulke', 'Tyrese Monahan', 'Candace Wiza', 'Armand Leuschke', 'Winifred Windler', 'Quentin DuBuque', 'Marcelina Hoppe', 'Hollis Kling', 'Elmira Leannon']</status>
</test>
<status status="FAIL" start="2024-10-22T17:16:20.584429" elapsed="146.822660"/>
</suite>
<statistics>
<total>
<stat pass="1" fail="1" skip="0">All Tests</stat>
</total>
<tag>
</tag>
<suite>
<stat pass="1" fail="1" skip="0" id="s1" name="Newtest">Newtest</stat>
</suite>
</statistics>
<errors>
</errors>
</robot>
